2015-11-02 08:41:59,790 [Thread-63:140731775706880] [django.request:143] [WARNING]- Not Found: /favicon.ico
2015-11-02 09:05:21,262 [Thread-3:140518341568256] [django.request:231] [ERROR]- Internal Server Error: /center/get_doc_menu
Traceback (most recent call last):
  File "/home/tsengdavid/.pythonbrew/venvs/Python-3.4.1/openenv/lib/python3.4/site-packages/django/core/handlers/base.py", line 111, in get_response
    response = wrapped_callback(request, *callback_args, **callback_kwargs)
  File "/home/tsengdavid/PycharmProjects/open/app/center/doc_views.py", line 175, in get_doc_menu
    return HttpResponse(json.dumps(doc_menu))
  File "/home/tsengdavid/.pythonbrew/pythons/Python-3.4.1/lib/python3.4/json/__init__.py", line 230, in dumps
    return _default_encoder.encode(obj)
  File "/home/tsengdavid/.pythonbrew/pythons/Python-3.4.1/lib/python3.4/json/encoder.py", line 192, in encode
    chunks = self.iterencode(o, _one_shot=True)
  File "/home/tsengdavid/.pythonbrew/pythons/Python-3.4.1/lib/python3.4/json/encoder.py", line 250, in iterencode
    return _iterencode(o, 0)
  File "/home/tsengdavid/.pythonbrew/pythons/Python-3.4.1/lib/python3.4/json/encoder.py", line 173, in default
    raise TypeError(repr(o) + " is not JSON serializable")
TypeError: [<DocMenu: DocMenu object>, <DocMenu: DocMenu object>] is not JSON serializable
2015-11-02 09:21:46,144 [Thread-1:140495650289408] [django.request:231] [ERROR]- Internal Server Error: /center/get_doc_menu
Traceback (most recent call last):
  File "/home/tsengdavid/.pythonbrew/venvs/Python-3.4.1/openenv/lib/python3.4/site-packages/django/core/handlers/base.py", line 111, in get_response
    response = wrapped_callback(request, *callback_args, **callback_kwargs)
  File "/home/tsengdavid/PycharmProjects/open/app/center/doc_views.py", line 186, in get_doc_menu
    return JsonResponse(ret)
  File "/home/tsengdavid/.pythonbrew/venvs/Python-3.4.1/openenv/lib/python3.4/site-packages/django/http/response.py", line 476, in __init__
    raise TypeError('In order to allow non-dict objects to be '
TypeError: In order to allow non-dict objects to be serialized set the safe parameter to False
2015-11-02 09:21:47,116 [Thread-3:140495641896704] [django.request:231] [ERROR]- Internal Server Error: /center/get_doc_menu
Traceback (most recent call last):
  File "/home/tsengdavid/.pythonbrew/venvs/Python-3.4.1/openenv/lib/python3.4/site-packages/django/core/handlers/base.py", line 111, in get_response
    response = wrapped_callback(request, *callback_args, **callback_kwargs)
  File "/home/tsengdavid/PycharmProjects/open/app/center/doc_views.py", line 186, in get_doc_menu
    return JsonResponse(ret)
  File "/home/tsengdavid/.pythonbrew/venvs/Python-3.4.1/openenv/lib/python3.4/site-packages/django/http/response.py", line 476, in __init__
    raise TypeError('In order to allow non-dict objects to be '
TypeError: In order to allow non-dict objects to be serialized set the safe parameter to False
2015-11-02 09:22:32,585 [Thread-1:140570292057856] [django.request:231] [ERROR]- Internal Server Error: /center/get_doc_menu
Traceback (most recent call last):
  File "/home/tsengdavid/.pythonbrew/venvs/Python-3.4.1/openenv/lib/python3.4/site-packages/django/core/handlers/base.py", line 111, in get_response
    response = wrapped_callback(request, *callback_args, **callback_kwargs)
  File "/home/tsengdavid/PycharmProjects/open/app/center/doc_views.py", line 187, in get_doc_menu
    return JsonResponse(ret)
  File "/home/tsengdavid/.pythonbrew/venvs/Python-3.4.1/openenv/lib/python3.4/site-packages/django/http/response.py", line 476, in __init__
    raise TypeError('In order to allow non-dict objects to be '
TypeError: In order to allow non-dict objects to be serialized set the safe parameter to False
2015-11-02 10:40:32,596 [Thread-1:139653921699584] [django.request:231] [ERROR]- Internal Server Error: /center/doc_menu
Traceback (most recent call last):
  File "/home/tsengdavid/.pythonbrew/venvs/Python-3.4.1/openenv/lib/python3.4/site-packages/django/core/handlers/base.py", line 111, in get_response
    response = wrapped_callback(request, *callback_args, **callback_kwargs)
  File "/home/tsengdavid/.pythonbrew/venvs/Python-3.4.1/openenv/lib/python3.4/site-packages/django/views/decorators/csrf.py", line 57, in wrapped_view
    return view_func(*args, **kwargs)
  File "/home/tsengdavid/PycharmProjects/open/app/center/doc_views.py", line 175, in doc_menu
    data = request.body.encode("utf-8")
AttributeError: 'bytes' object has no attribute 'encode'
2015-11-02 11:21:57,631 [Thread-280:139727634167552] [django.request:143] [WARNING]- Not Found: /wiki/angular.min.js.map
2015-11-02 11:21:57,659 [Thread-282:139727625774848] [django.request:143] [WARNING]- Not Found: /wiki/angular-route.min.js.map
2015-11-02 11:22:04,772 [Thread-302:139727625774848] [django.request:143] [WARNING]- Not Found: /wiki/angular.min.js.map
2015-11-02 11:22:04,808 [Thread-304:139727894210304] [django.request:143] [WARNING]- Not Found: /wiki/angular-route.min.js.map
2015-11-02 11:22:11,731 [Thread-328:139727894210304] [django.request:143] [WARNING]- Not Found: /wiki/angular.min.js.map
2015-11-02 11:22:11,768 [Thread-330:139727634167552] [django.request:143] [WARNING]- Not Found: /wiki/angular-route.min.js.map
2015-11-02 11:27:16,321 [Thread-408:139727634167552] [django.request:143] [WARNING]- Not Found: /wiki/angular.min.js.map
2015-11-02 11:27:16,342 [Thread-409:139727885817600] [django.request:143] [WARNING]- Not Found: /wiki/angular-route.min.js.map
2015-11-02 11:27:18,532 [Thread-434:139727634167552] [django.request:143] [WARNING]- Not Found: /wiki/angular.min.js.map
2015-11-02 11:27:18,564 [Thread-436:139727902603008] [django.request:143] [WARNING]- Not Found: /wiki/angular-route.min.js.map
2015-11-02 11:27:28,613 [Thread-469:139727902603008] [django.request:143] [WARNING]- Not Found: /wiki/angular.min.js.map
2015-11-02 11:27:28,657 [Thread-472:139727634167552] [django.request:143] [WARNING]- Not Found: /wiki/angular-route.min.js.map
2015-11-02 11:28:20,497 [Thread-506:139727634167552] [django.request:143] [WARNING]- Not Found: /wiki/angular.min.js.map
2015-11-02 11:28:20,528 [Thread-508:139727877424896] [django.request:143] [WARNING]- Not Found: /wiki/angular-route.min.js.map
2015-11-02 11:28:22,706 [Thread-541:139727877424896] [django.request:143] [WARNING]- Not Found: /wiki/angular.min.js.map
2015-11-02 11:28:22,737 [Thread-543:139727885817600] [django.request:143] [WARNING]- Not Found: /wiki/angular-route.min.js.map
2015-11-02 11:31:50,389 [Thread-641:139727885817600] [django.request:143] [WARNING]- Not Found: /favicon.ico
2015-11-02 14:17:10,448 [Thread-10:140703992637184] [django.request:143] [WARNING]- Not Found: /favicon.ico
2015-11-02 14:17:10,967 [Thread-11:140703992637184] [django.request:143] [WARNING]- Not Found: /favicon.ico
2015-11-02 14:28:10,647 [Thread-36:140650336208640] [django.request:143] [WARNING]- Not Found: /favicon.ico
2015-11-02 19:01:52,071 [Thread-39:140604788832000] [django.request:143] [WARNING]- Not Found: /favicon.ico
2015-11-02 19:01:52,603 [Thread-40:140604788832000] [django.request:143] [WARNING]- Not Found: /favicon.ico
2015-11-03 21:06:35,575 [Thread-189:139872666797824] [django.request:143] [WARNING]- Not Found: /favicon.ico
2015-11-04 09:40:20,641 [Thread-62:140463205771008] [django.request:143] [WARNING]- Not Found: /favicon.ico
2015-11-04 09:40:21,273 [Thread-63:140463205771008] [django.request:143] [WARNING]- Not Found: /favicon.ico
2015-11-04 09:56:08,606 [Thread-4:140514275878656] [django.request:231] [ERROR]- Internal Server Error: /center/doc_show/8
Traceback (most recent call last):
  File "/home/tsengdavid/.pythonbrew/venvs/Python-3.4.1/openenv/lib/python3.4/site-packages/django/core/handlers/base.py", line 111, in get_response
    response = wrapped_callback(request, *callback_args, **callback_kwargs)
  File "/home/tsengdavid/.pythonbrew/venvs/Python-3.4.1/openenv/lib/python3.4/site-packages/django/views/decorators/csrf.py", line 57, in wrapped_view
    return view_func(*args, **kwargs)
TypeError: api_create_doc() got an unexpected keyword argument 'doc_id'
2015-11-04 09:57:02,929 [Thread-10:140513948727040] [django.request:231] [ERROR]- Internal Server Error: /center/doc_show/8
Traceback (most recent call last):
  File "/home/tsengdavid/.pythonbrew/venvs/Python-3.4.1/openenv/lib/python3.4/site-packages/django/core/handlers/base.py", line 111, in get_response
    response = wrapped_callback(request, *callback_args, **callback_kwargs)
  File "/home/tsengdavid/.pythonbrew/venvs/Python-3.4.1/openenv/lib/python3.4/site-packages/django/views/decorators/csrf.py", line 57, in wrapped_view
    return view_func(*args, **kwargs)
TypeError: api_create_doc() got an unexpected keyword argument 'doc_id'
2015-11-04 09:57:03,914 [Thread-11:140514229872384] [django.request:231] [ERROR]- Internal Server Error: /center/doc_show/8
Traceback (most recent call last):
  File "/home/tsengdavid/.pythonbrew/venvs/Python-3.4.1/openenv/lib/python3.4/site-packages/django/core/handlers/base.py", line 111, in get_response
    response = wrapped_callback(request, *callback_args, **callback_kwargs)
  File "/home/tsengdavid/.pythonbrew/venvs/Python-3.4.1/openenv/lib/python3.4/site-packages/django/views/decorators/csrf.py", line 57, in wrapped_view
    return view_func(*args, **kwargs)
TypeError: api_create_doc() got an unexpected keyword argument 'doc_id'
2015-11-04 09:57:04,914 [Thread-12:140514284271360] [django.request:231] [ERROR]- Internal Server Error: /center/doc_show/8
Traceback (most recent call last):
  File "/home/tsengdavid/.pythonbrew/venvs/Python-3.4.1/openenv/lib/python3.4/site-packages/django/core/handlers/base.py", line 111, in get_response
    response = wrapped_callback(request, *callback_args, **callback_kwargs)
  File "/home/tsengdavid/.pythonbrew/venvs/Python-3.4.1/openenv/lib/python3.4/site-packages/django/views/decorators/csrf.py", line 57, in wrapped_view
    return view_func(*args, **kwargs)
TypeError: api_create_doc() got an unexpected keyword argument 'doc_id'
2015-11-04 09:57:05,706 [Thread-13:140514238265088] [django.request:231] [ERROR]- Internal Server Error: /center/doc_show/8
Traceback (most recent call last):
  File "/home/tsengdavid/.pythonbrew/venvs/Python-3.4.1/openenv/lib/python3.4/site-packages/django/core/handlers/base.py", line 111, in get_response
    response = wrapped_callback(request, *callback_args, **callback_kwargs)
  File "/home/tsengdavid/.pythonbrew/venvs/Python-3.4.1/openenv/lib/python3.4/site-packages/django/views/decorators/csrf.py", line 57, in wrapped_view
    return view_func(*args, **kwargs)
TypeError: api_create_doc() got an unexpected keyword argument 'doc_id'
2015-11-04 09:57:08,878 [Thread-14:140514363471616] [django.request:231] [ERROR]- Internal Server Error: /center/doc_show/8
Traceback (most recent call last):
  File "/home/tsengdavid/.pythonbrew/venvs/Python-3.4.1/openenv/lib/python3.4/site-packages/django/core/handlers/base.py", line 111, in get_response
    response = wrapped_callback(request, *callback_args, **callback_kwargs)
  File "/home/tsengdavid/.pythonbrew/venvs/Python-3.4.1/openenv/lib/python3.4/site-packages/django/views/decorators/csrf.py", line 57, in wrapped_view
    return view_func(*args, **kwargs)
TypeError: api_create_doc() got an unexpected keyword argument 'doc_id'
2015-11-04 09:57:09,704 [Thread-15:140514275878656] [django.request:231] [ERROR]- Internal Server Error: /center/doc_show/8
Traceback (most recent call last):
  File "/home/tsengdavid/.pythonbrew/venvs/Python-3.4.1/openenv/lib/python3.4/site-packages/django/core/handlers/base.py", line 111, in get_response
    response = wrapped_callback(request, *callback_args, **callback_kwargs)
  File "/home/tsengdavid/.pythonbrew/venvs/Python-3.4.1/openenv/lib/python3.4/site-packages/django/views/decorators/csrf.py", line 57, in wrapped_view
    return view_func(*args, **kwargs)
TypeError: api_create_doc() got an unexpected keyword argument 'doc_id'
2015-11-05 19:35:54,405 [Thread-80:139749215880960] [django.request:143] [WARNING]- Not Found: /favicon.ico
2015-11-05 19:35:55,106 [Thread-81:139749215880960] [django.request:143] [WARNING]- Not Found: /favicon.ico
2015-11-05 20:44:49,484 [Thread-472:139749215880960] [django.request:143] [WARNING]- Not Found: /assets/images/dev/arrow_d.png
2015-11-05 21:02:51,151 [Thread-488:139749215880960] [django.request:143] [WARNING]- Not Found: /assets/images/dev/arrow_d.png
2015-11-05 21:04:03,056 [Thread-502:139748815169280] [django.request:143] [WARNING]- Not Found: /assets/images/dev/arrow_d.png
2015-11-05 21:11:09,725 [Thread-588:139749225920256] [django.request:143] [WARNING]- Not Found: /favicon.ico
2015-11-05 21:11:09,749 [Thread-589:139749225920256] [django.request:143] [WARNING]- Not Found: /favicon.ico
2015-11-06 08:42:29,265 [Thread-33:140484670314240] [django.request:143] [WARNING]- Not Found: /favicon.ico
2015-11-06 10:35:07,791 [Thread-27:140333125891840] [django.request:143] [WARNING]- Not Found: /favicon.ico
2015-11-06 14:35:02,693 [Thread-17:139949758674688] [django.request:143] [WARNING]- Not Found: /assets/images/dev/arrow_d.png
2015-11-06 14:35:04,268 [Thread-20:139949758674688] [django.request:143] [WARNING]- Not Found: /product/list/None
2015-11-06 14:35:04,310 [Thread-22:139949758674688] [django.request:143] [WARNING]- Not Found: /product/list/None
2015-11-12 20:40:58,366 [Thread-130:140415847450368] [django.request:143] [WARNING]- Not Found: /favicon.ico
2015-11-12 21:48:58,264 [Thread-3:139800411301632] [django.request:143] [WARNING]- Not Found: /favicon.ico
2015-11-13 09:40:49,564 [Thread-9:140306880415488] [django.request:143] [WARNING]- Not Found: /favicon.ico
2015-11-13 10:51:40,302 [Thread-170:140306888546048] [django.request:231] [ERROR]- Internal Server Error: /guide
Traceback (most recent call last):
  File "/home/tsengdavid/.pythonbrew/venvs/Python-3.4.1/openenv/lib/python3.4/site-packages/django/template/base.py", line 286, in parse
    compile_func = self.tags[command]
KeyError: 'create_menu'

During handling of the above exception, another exception occurred:

Traceback (most recent call last):
  File "/home/tsengdavid/.pythonbrew/venvs/Python-3.4.1/openenv/lib/python3.4/site-packages/django/core/handlers/base.py", line 111, in get_response
    response = wrapped_callback(request, *callback_args, **callback_kwargs)
  File "/home/tsengdavid/PycharmProjects/open/app/home/views.py", line 18, in guide
    return render(request, "home/guide.html", locals())
  File "/home/tsengdavid/.pythonbrew/venvs/Python-3.4.1/openenv/lib/python3.4/site-packages/django/shortcuts.py", line 48, in render
    return HttpResponse(loader.render_to_string(*args, **kwargs),
  File "/home/tsengdavid/.pythonbrew/venvs/Python-3.4.1/openenv/lib/python3.4/site-packages/django/template/loader.py", line 170, in render_to_string
    t = get_template(template_name, dirs)
  File "/home/tsengdavid/.pythonbrew/venvs/Python-3.4.1/openenv/lib/python3.4/site-packages/django/template/loader.py", line 144, in get_template
    template, origin = find_template(template_name, dirs)
  File "/home/tsengdavid/.pythonbrew/venvs/Python-3.4.1/openenv/lib/python3.4/site-packages/django/template/loader.py", line 132, in find_template
    source, display_name = loader(name, dirs)
  File "/home/tsengdavid/.pythonbrew/venvs/Python-3.4.1/openenv/lib/python3.4/site-packages/django/template/loader.py", line 44, in __call__
    return self.load_template(template_name, template_dirs)
  File "/home/tsengdavid/.pythonbrew/venvs/Python-3.4.1/openenv/lib/python3.4/site-packages/django/template/loader.py", line 50, in load_template
    template = get_template_from_string(source, origin, template_name)
  File "/home/tsengdavid/.pythonbrew/venvs/Python-3.4.1/openenv/lib/python3.4/site-packages/django/template/loader.py", line 156, in get_template_from_string
    return Template(source, origin, name)
  File "/home/tsengdavid/.pythonbrew/venvs/Python-3.4.1/openenv/lib/python3.4/site-packages/django/template/base.py", line 132, in __init__
    self.nodelist = compile_string(template_string, origin)
  File "/home/tsengdavid/.pythonbrew/venvs/Python-3.4.1/openenv/lib/python3.4/site-packages/django/template/base.py", line 162, in compile_string
    return parser.parse()
  File "/home/tsengdavid/.pythonbrew/venvs/Python-3.4.1/openenv/lib/python3.4/site-packages/django/template/base.py", line 290, in parse
    compiled_result = compile_func(self, token)
  File "/home/tsengdavid/.pythonbrew/venvs/Python-3.4.1/openenv/lib/python3.4/site-packages/django/template/loader_tags.py", line 201, in do_extends
    nodelist = parser.parse()
  File "/home/tsengdavid/.pythonbrew/venvs/Python-3.4.1/openenv/lib/python3.4/site-packages/django/template/base.py", line 290, in parse
    compiled_result = compile_func(self, token)
  File "/home/tsengdavid/.pythonbrew/venvs/Python-3.4.1/openenv/lib/python3.4/site-packages/django/template/loader_tags.py", line 175, in do_block
    nodelist = parser.parse(('endblock',))
  File "/home/tsengdavid/.pythonbrew/venvs/Python-3.4.1/openenv/lib/python3.4/site-packages/django/template/base.py", line 288, in parse
    self.invalid_block_tag(token, command, parse_until)
  File "/home/tsengdavid/.pythonbrew/venvs/Python-3.4.1/openenv/lib/python3.4/site-packages/django/template/base.py", line 343, in invalid_block_tag
    (command, get_text_list(["'%s'" % p for p in parse_until])))
django.template.base.TemplateSyntaxError: Invalid block tag: 'create_menu', expected 'endblock'
2015-11-13 10:51:41,632 [Thread-171:140306905331456] [django.request:231] [ERROR]- Internal Server Error: /guide
Traceback (most recent call last):
  File "/home/tsengdavid/.pythonbrew/venvs/Python-3.4.1/openenv/lib/python3.4/site-packages/django/template/base.py", line 286, in parse
    compile_func = self.tags[command]
KeyError: 'create_menu'

During handling of the above exception, another exception occurred:

Traceback (most recent call last):
  File "/home/tsengdavid/.pythonbrew/venvs/Python-3.4.1/openenv/lib/python3.4/site-packages/django/core/handlers/base.py", line 111, in get_response
    response = wrapped_callback(request, *callback_args, **callback_kwargs)
  File "/home/tsengdavid/PycharmProjects/open/app/home/views.py", line 18, in guide
    return render(request, "home/guide.html", locals())
  File "/home/tsengdavid/.pythonbrew/venvs/Python-3.4.1/openenv/lib/python3.4/site-packages/django/shortcuts.py", line 48, in render
    return HttpResponse(loader.render_to_string(*args, **kwargs),
  File "/home/tsengdavid/.pythonbrew/venvs/Python-3.4.1/openenv/lib/python3.4/site-packages/django/template/loader.py", line 170, in render_to_string
    t = get_template(template_name, dirs)
  File "/home/tsengdavid/.pythonbrew/venvs/Python-3.4.1/openenv/lib/python3.4/site-packages/django/template/loader.py", line 144, in get_template
    template, origin = find_template(template_name, dirs)
  File "/home/tsengdavid/.pythonbrew/venvs/Python-3.4.1/openenv/lib/python3.4/site-packages/django/template/loader.py", line 132, in find_template
    source, display_name = loader(name, dirs)
  File "/home/tsengdavid/.pythonbrew/venvs/Python-3.4.1/openenv/lib/python3.4/site-packages/django/template/loader.py", line 44, in __call__
    return self.load_template(template_name, template_dirs)
  File "/home/tsengdavid/.pythonbrew/venvs/Python-3.4.1/openenv/lib/python3.4/site-packages/django/template/loader.py", line 50, in load_template
    template = get_template_from_string(source, origin, template_name)
  File "/home/tsengdavid/.pythonbrew/venvs/Python-3.4.1/openenv/lib/python3.4/site-packages/django/template/loader.py", line 156, in get_template_from_string
    return Template(source, origin, name)
  File "/home/tsengdavid/.pythonbrew/venvs/Python-3.4.1/openenv/lib/python3.4/site-packages/django/template/base.py", line 132, in __init__
    self.nodelist = compile_string(template_string, origin)
  File "/home/tsengdavid/.pythonbrew/venvs/Python-3.4.1/openenv/lib/python3.4/site-packages/django/template/base.py", line 162, in compile_string
    return parser.parse()
  File "/home/tsengdavid/.pythonbrew/venvs/Python-3.4.1/openenv/lib/python3.4/site-packages/django/template/base.py", line 290, in parse
    compiled_result = compile_func(self, token)
  File "/home/tsengdavid/.pythonbrew/venvs/Python-3.4.1/openenv/lib/python3.4/site-packages/django/template/loader_tags.py", line 201, in do_extends
    nodelist = parser.parse()
  File "/home/tsengdavid/.pythonbrew/venvs/Python-3.4.1/openenv/lib/python3.4/site-packages/django/template/base.py", line 290, in parse
    compiled_result = compile_func(self, token)
  File "/home/tsengdavid/.pythonbrew/venvs/Python-3.4.1/openenv/lib/python3.4/site-packages/django/template/loader_tags.py", line 175, in do_block
    nodelist = parser.parse(('endblock',))
  File "/home/tsengdavid/.pythonbrew/venvs/Python-3.4.1/openenv/lib/python3.4/site-packages/django/template/base.py", line 288, in parse
    self.invalid_block_tag(token, command, parse_until)
  File "/home/tsengdavid/.pythonbrew/venvs/Python-3.4.1/openenv/lib/python3.4/site-packages/django/template/base.py", line 343, in invalid_block_tag
    (command, get_text_list(["'%s'" % p for p in parse_until])))
django.template.base.TemplateSyntaxError: Invalid block tag: 'create_menu', expected 'endblock'
2015-11-13 10:56:27,403 [Thread-12:139678460180224] [django.request:143] [WARNING]- Not Found: /assets/images/dev/arrow_d.png
2015-11-13 10:56:30,459 [Thread-15:139678501435136] [django.request:143] [WARNING]- Not Found: /product/list/None
2015-11-13 10:57:31,540 [Thread-11:140288420574976] [django.request:143] [WARNING]- Not Found: /product/list/None
2015-11-13 10:57:47,593 [Thread-16:140288420574976] [django.request:143] [WARNING]- Not Found: /product/list/None
2015-11-13 10:57:52,180 [Thread-21:140288420574976] [django.request:143] [WARNING]- Not Found: /product/list/None
2015-11-13 10:58:52,897 [Thread-11:140532226774784] [django.request:143] [WARNING]- Not Found: /product/list/None
2015-11-13 10:58:52,940 [Thread-12:140532226774784] [django.request:143] [WARNING]- Not Found: /product/list/None
2015-11-13 11:08:17,554 [Thread-91:140238233958144] [django.request:143] [WARNING]- Not Found: /assets/images/dev/arrow_d.png
2015-11-13 11:15:26,227 [Thread-169:140238115661568] [django.request:143] [WARNING]- Not Found: /product/list/None
2015-11-13 11:22:24,454 [Thread-22:139783145973504] [django.request:143] [WARNING]- Not Found: /product/list/None
2015-11-13 11:31:28,454 [Thread-16:140489238312704] [django.request:143] [WARNING]- Not Found: /product/list/None
2015-11-13 11:32:10,745 [Thread-27:140489229920000] [django.request:143] [WARNING]- Not Found: /product/list/None
2015-11-13 11:33:12,553 [Thread-39:140489221527296] [django.request:143] [WARNING]- Not Found: /product/list/None
2015-11-13 12:42:54,570 [Thread-82:140489221527296] [django.request:143] [WARNING]- Not Found: /product/list/None
2015-11-18 13:54:37,252 [Thread-105:140684673677056] [django.request:143] [WARNING]- Not Found: /favicon.ico
2015-11-18 13:55:16,441 [Thread-126:140684329740032] [django.request:143] [WARNING]- Not Found: /assets/images/dev/arrow_d.png
2015-11-18 13:55:19,101 [Thread-134:140684621444864] [django.request:143] [WARNING]- Not Found: /product/list/None
2015-11-18 13:55:33,454 [Thread-142:140684621444864] [django.request:143] [WARNING]- Not Found: /product/list/None
2015-11-18 13:55:36,336 [Thread-160:140684304561920] [django.request:143] [WARNING]- Not Found: /product/main/{[{ infoFormData.app_logo }]}
2015-11-18 13:55:42,026 [Thread-166:140684304561920] [django.request:143] [WARNING]- Not Found: /product/main/{[{ infoFormData.app_logo }]}
2015-11-18 13:55:56,838 [Thread-193:140684338132736] [django.request:143] [WARNING]- Not Found: /product/main/{[{ infoFormData.app_logo }]}
2015-11-18 13:56:10,800 [Thread-222:140683792869120] [django.request:143] [WARNING]- Not Found: /product/main/{[{ infoFormData.app_logo }]}
2015-11-18 13:56:57,233 [Thread-250:140684296169216] [django.request:143] [WARNING]- Not Found: /product/main/{[{ infoFormData.app_logo }]}
2015-11-18 13:57:55,148 [Thread-279:140684621444864] [django.request:143] [WARNING]- Not Found: /product/main/{[{ infoFormData.app_logo }]}
2015-11-18 14:02:06,298 [Thread-284:140684673677056] [django.request:99] [WARNING]- Forbidden (CSRF token missing or incorrect.): /center/login
2015-11-18 14:02:06,495 [Thread-285:140684673677056] [django.request:143] [WARNING]- Not Found: /favicon.ico
2015-11-18 14:02:18,108 [Thread-286:140684673677056] [django.request:99] [WARNING]- Forbidden (CSRF token missing or incorrect.): /center/login
2015-11-18 14:02:38,802 [Thread-310:140684673677056] [django.request:143] [WARNING]- Not Found: /assets/images/dev/arrow_d.png
2015-11-18 14:02:40,426 [Thread-313:140684665284352] [django.request:143] [WARNING]- Not Found: /product/list/None
2015-11-18 14:02:40,509 [Thread-315:140684673677056] [django.request:143] [WARNING]- Not Found: /product/list/None
2015-11-18 14:05:06,837 [Thread-27:139850351101696] [django.request:143] [WARNING]- Not Found: /product/main/{[{ infoFormData.app_logo }]}
2015-11-18 14:05:12,536 [Thread-57:139850351101696] [django.request:143] [WARNING]- Not Found: /product/main/{[{ infoFormData.app_logo }]}
2015-11-18 14:05:16,374 [Thread-86:139850376279808] [django.request:143] [WARNING]- Not Found: /product/main/{[{ infoFormData.app_logo }]}
2015-11-18 14:06:51,102 [Thread-245:139850376279808] [django.request:143] [WARNING]- Not Found: /product/main/{[{ infoFormData.app_logo }]}
2015-11-18 14:07:17,978 [Thread-274:139850342708992] [django.request:143] [WARNING]- Not Found: /product/main/{[{ infoFormData.app_logo }]}
2015-11-18 14:18:19,309 [Thread-380:139850334316288] [django.request:143] [WARNING]- Not Found: /product/list/None
2015-11-18 14:26:49,438 [Thread-632:139850342708992] [django.request:143] [WARNING]- Not Found: /product/list/None
2015-11-18 14:35:54,636 [Thread-771:139850376279808] [django.request:143] [WARNING]- Not Found: /product/list/None
2015-11-18 14:35:58,926 [Thread-781:139850367887104] [django.request:143] [WARNING]- Not Found: /product/list/None
2015-11-18 14:36:00,342 [Thread-795:139850334316288] [django.request:143] [WARNING]- Not Found: /product/list/None
2015-11-18 14:36:12,513 [Thread-809:139850367887104] [django.request:143] [WARNING]- Not Found: /product/list/None
2015-11-18 14:47:11,920 [Thread-880:139849831016192] [django.request:143] [WARNING]- Not Found: /product/list/None
2015-11-18 15:03:03,855 [Thread-1294:139850367887104] [django.request:143] [WARNING]- Not Found: /product/main/{[{ infoFormData.app_logo }]}
2015-11-18 15:03:14,425 [Thread-1323:139850342708992] [django.request:143] [WARNING]- Not Found: /product/main/{[{ infoFormData.app_logo }]}
2015-11-18 15:04:06,531 [Thread-1351:139850367887104] [django.request:143] [WARNING]- Not Found: /product/main/{[{ infoFormData.app_logo }]}
2015-11-18 15:04:10,026 [Thread-1380:139850359494400] [django.request:143] [WARNING]- Not Found: /product/main/{[{ infoFormData.app_logo }]}
2015-11-18 15:04:45,556 [Thread-1409:139850351101696] [django.request:143] [WARNING]- Not Found: /product/main/{[{ infoFormData.app_logo }]}
2015-11-18 15:05:16,931 [Thread-1437:139850325923584] [django.request:143] [WARNING]- Not Found: /product/main/{[{ infoFormData.app_logo }]}
2015-11-18 15:08:59,263 [Thread-1466:139850587698944] [django.request:143] [WARNING]- Not Found: /product/main/{[{ infoFormData.app_logo }]}
2015-11-18 15:09:40,027 [Thread-1494:139850334316288] [django.request:143] [WARNING]- Not Found: /product/main/{[{ infoFormData.app_logo }]}
2015-11-18 15:10:08,377 [Thread-1524:139850334316288] [django.request:143] [WARNING]- Not Found: /product/main/{[{ infoFormData.app_logo }]}
2015-11-18 15:12:42,502 [Thread-1622:139850587698944] [django.request:143] [WARNING]- Not Found: /product/main/{[{ infoFormData.app_logo }]}
2015-11-18 15:13:08,102 [Thread-1650:139850342708992] [django.request:143] [WARNING]- Not Found: /product/main/{[{ infoFormData.app_logo }]}
2015-11-18 15:13:26,175 [Thread-1678:139850376279808] [django.request:143] [WARNING]- Not Found: /product/main/{[{ infoFormData.app_logo }]}
2015-11-18 15:14:48,469 [Thread-1705:139850359494400] [django.request:143] [WARNING]- Not Found: /product/main/{[{ infoFormData.app_logo }]}
2015-11-18 15:18:56,704 [Thread-1921:139850342708992] [django.request:143] [WARNING]- Not Found: /product/main/{[{ infoFormData.app_logo }]}
2015-11-18 15:28:14,392 [Thread-1948:139850351101696] [django.request:143] [WARNING]- Not Found: /product/main/{[{ infoFormData.app_logo }]}
2015-11-18 15:28:26,591 [Thread-1975:139849839408896] [django.request:143] [WARNING]- Not Found: /product/main/{[{ infoFormData.app_logo }]}
2015-11-18 15:34:08,903 [Thread-2005:139850325923584] [django.request:143] [WARNING]- Not Found: /product/main/{[{ infoFormData.app_logo }]}
2015-11-18 15:34:29,395 [Thread-2033:139850376279808] [django.request:143] [WARNING]- Not Found: /product/main/{[{ infoFormData.app_logo }]}
2015-11-18 15:35:10,299 [Thread-2037:139850376279808] [django.request:143] [WARNING]- Not Found: /favicon.ico
2015-11-18 15:35:48,278 [Thread-2083:139850367887104] [django.request:143] [WARNING]- Not Found: /product/list/None
2015-11-18 15:36:08,980 [Thread-2121:139849805838080] [django.request:143] [WARNING]- Not Found: /product/main/{[{ infoFormData.app_logo }]}
2015-11-18 15:37:04,452 [Thread-2149:139850334316288] [django.request:143] [WARNING]- Not Found: /product/main/{[{ infoFormData.app_logo }]}
2015-11-18 15:40:28,794 [Thread-2174:139850342708992] [django.request:143] [WARNING]- Not Found: /product/main/{[{ infoFormData.app_logo }]}
2015-11-18 15:42:22,479 [Thread-4:140078412199680] [django.request:143] [WARNING]- Not Found: /favicon.ico
2015-11-18 15:52:03,104 [Thread-51:140078126978816] [django.request:143] [WARNING]- Not Found: /product/main/{[{ infoFormData.app_logo }]}
2015-11-18 15:52:10,322 [Thread-76:140078411937536] [django.request:143] [WARNING]- Not Found: /product/main/{[{ infoFormData.app_logo }]}
2015-11-18 15:52:49,290 [Thread-99:140078118586112] [django.request:143] [WARNING]- Not Found: /product/main/{[{ infoFormData.app_logo }]}
2015-11-18 15:53:07,855 [Thread-121:140078118586112] [django.request:143] [WARNING]- Not Found: /product/main/{[{ infoFormData.app_logo }]}
2015-11-18 15:53:30,695 [Thread-143:140078395152128] [django.request:143] [WARNING]- Not Found: /product/main/{[{ infoFormData.app_logo }]}
2015-11-18 15:53:54,900 [Thread-165:140078395152128] [django.request:143] [WARNING]- Not Found: /product/main/{[{ infoFormData.app_logo }]}
2015-11-18 15:54:16,690 [Thread-187:140078395152128] [django.request:143] [WARNING]- Not Found: /product/main/{[{ infoFormData.app_logo }]}
2015-11-18 15:54:54,803 [Thread-209:140078143764224] [django.request:143] [WARNING]- Not Found: /product/main/{[{ infoFormData.app_logo }]}
2015-11-18 15:55:40,893 [Thread-231:140078135371520] [django.request:143] [WARNING]- Not Found: /product/main/{[{ infoFormData.app_logo }]}
2015-11-18 15:55:59,919 [Thread-253:140078395152128] [django.request:143] [WARNING]- Not Found: /product/main/{[{ infoFormData.app_logo }]}
2015-11-18 15:56:55,926 [Thread-272:140078135371520] [django.request:143] [WARNING]- Not Found: /product/main/{[{ infoFormData.app_logo }]}
2015-11-18 15:57:07,569 [Thread-290:140078135371520] [django.request:143] [WARNING]- Not Found: /product/main/{[{ infoFormData.app_logo }]}
2015-11-18 15:57:33,129 [Thread-303:140078630631168] [django.request:143] [WARNING]- Not Found: /product/main/{[{ infoFormData.app_logo }]}
2015-11-18 15:58:38,395 [Thread-316:140078403544832] [django.request:143] [WARNING]- Not Found: /product/main/{[{ infoFormData.app_logo }]}
2015-11-18 16:13:11,559 [Thread-359:140078411937536] [django.request:143] [WARNING]- Not Found: /product/main/{[{ infoFormData.app_logo }]}
2015-11-18 16:15:14,175 [Thread-412:140078630631168] [django.request:143] [WARNING]- Not Found: /product/main/{[{ infoFormData.app_logo }]}
2015-11-18 16:16:49,331 [Thread-450:140078395152128] [django.request:143] [WARNING]- Not Found: /product/main/{[{ infoFormData.app_logo }]}
2015-11-18 16:17:38,502 [Thread-471:140078126978816] [django.request:143] [WARNING]- Not Found: /product/main/{[{ infoFormData.app_logo }]}
2015-11-18 16:22:55,559 [Thread-492:140078126978816] [django.request:143] [WARNING]- Not Found: /product/main/{[{ infoFormData.app_logo }]}
2015-11-18 16:23:15,138 [Thread-513:140078135371520] [django.request:143] [WARNING]- Not Found: /product/main/{[{ infoFormData.app_logo }]}
2015-11-18 16:27:14,691 [Thread-636:140078135371520] [django.request:143] [WARNING]- Not Found: /product/main/{[{ infoFormData.app_logo }]}
2015-11-18 16:28:37,641 [Thread-677:140078630631168] [django.request:143] [WARNING]- Not Found: /product/main/{[{ infoFormData.app_logo }]}
2015-11-18 16:29:37,276 [Thread-701:140078630631168] [django.request:143] [WARNING]- Not Found: /product/main/{[{ infoFormData.app_logo }]}
2015-11-18 16:30:48,742 [Thread-744:140078630631168] [django.request:143] [WARNING]- Not Found: /product/main/{[{ infoFormData.app_logo }]}
2015-11-18 16:31:47,173 [Thread-768:140078135371520] [django.request:143] [WARNING]- Not Found: /product/main/{[{ infoFormData.app_logo }]}
2015-11-18 16:34:14,698 [Thread-28:140672218851072] [django.request:143] [WARNING]- Not Found: /product/main/{[{ infoFormData.app_logo }]}
2015-11-18 16:35:37,867 [Thread-87:140671906207488] [django.request:143] [WARNING]- Not Found: /product/main/{[{ infoFormData.app_logo }]}
2015-11-18 16:40:54,312 [Thread-29:140365193520896] [django.request:143] [WARNING]- Not Found: /product/main/{[{ infoFormData.app_logo }]}
2015-11-18 16:47:20,210 [Thread-56:140365218699008] [django.request:143] [WARNING]- Not Found: /product/list/None
2015-11-18 16:55:07,491 [Thread-85:140365235484416] [django.request:143] [WARNING]- Not Found: /favicon.ico
2015-12-09 09:25:07,158 [Thread-32:140209798637312] [django.request:143] [WARNING]- Not Found: /assets/images/dev/arrow_d.png
2015-12-09 09:25:08,663 [Thread-38:140209765066496] [django.request:143] [WARNING]- Not Found: /product/list/None
2015-12-09 09:25:08,810 [Thread-39:140209807030016] [django.request:143] [WARNING]- Not Found: /product/list/None
2015-12-09 09:25:30,743 [Thread-88:140209765066496] [django.request:143] [WARNING]- Not Found: /product/main/{[{ infoFormData.app_logo }]}
2015-12-09 09:25:35,979 [Thread-92:140209765066496] [django.request:143] [WARNING]- Not Found: /product/main/{[{ infoFormData.app_logo }]}
2015-12-09 09:25:41,589 [Thread-94:140209781851904] [django.request:143] [WARNING]- Not Found: /product/main/{[{ infoFormData.app_logo }]}
2015-12-09 09:25:46,880 [Thread-96:140209765066496] [django.request:143] [WARNING]- Not Found: /product/main/{[{ infoFormData.app_logo }]}
2016-01-11 14:21:35,313 [Thread-224:140503270024960] [django.request:143] [WARNING]- Not Found: /favicon.ico
2016-11-04 10:38:23,069 [Thread-1:140129964521216] [django.request:231] [ERROR]- Internal Server Error: /center/login
Traceback (most recent call last):
  File "/home/rdy/virtualENv/openEnv/lib/python3.4/site-packages/django/core/handlers/base.py", line 204, in get_response
    response = middleware_method(request, response)
  File "/home/rdy/virtualENv/openEnv/lib/python3.4/site-packages/django/contrib/sessions/middleware.py", line 42, in process_response
    request.session.save()
  File "/home/rdy/virtualENv/openEnv/lib/python3.4/site-packages/django/contrib/sessions/backends/cache.py", line 56, in save
    result = func(self.cache_key,
  File "/home/rdy/virtualENv/openEnv/lib/python3.4/site-packages/django/contrib/sessions/backends/cache.py", line 19, in cache_key
    return KEY_PREFIX + self._get_or_create_session_key()
  File "/home/rdy/virtualENv/openEnv/lib/python3.4/site-packages/django/contrib/sessions/backends/base.py", line 155, in _get_or_create_session_key
    self._session_key = self._get_new_session_key()
  File "/home/rdy/virtualENv/openEnv/lib/python3.4/site-packages/django/contrib/sessions/backends/base.py", line 149, in _get_new_session_key
    if not self.exists(session_key):
  File "/home/rdy/virtualENv/openEnv/lib/python3.4/site-packages/django/contrib/sessions/backends/cache.py", line 63, in exists
    return (KEY_PREFIX + session_key) in self._cache
  File "/home/rdy/virtualENv/openEnv/lib/python3.4/site-packages/django/core/cache/backends/base.py", line 182, in __contains__
    return self.has_key(key)
  File "/home/rdy/virtualENv/openEnv/lib/python3.4/site-packages/django/core/cache/backends/base.py", line 154, in has_key
    return self.get(key, version=version) is not None
  File "/home/rdy/virtualENv/openEnv/lib/python3.4/site-packages/django/core/cache/backends/memcached.py", line 82, in get
    val = self._cache.get(key)
  File "/home/rdy/virtualENv/openEnv/lib/python3.4/site-packages/django/core/cache/backends/memcached.py", line 171, in _cache
    self._client = self._lib.Client(self._servers, pickleProtocol=pickle.HIGHEST_PROTOCOL)
  File "/home/rdy/virtualENv/openEnv/lib/python3.4/site-packages/memcache.py", line 225, in __init__
    file = StringIO()
NameError: name 'StringIO' is not defined
2016-11-04 10:38:24,587 [Thread-3:140129884698368] [django.request:143] [WARNING]- Not Found: /favicon.ico
2016-11-04 10:38:32,497 [Thread-4:140129884698368] [django.request:231] [ERROR]- Internal Server Error: /center/login
Traceback (most recent call last):
  File "/home/rdy/virtualENv/openEnv/lib/python3.4/site-packages/django/core/handlers/base.py", line 204, in get_response
    response = middleware_method(request, response)
  File "/home/rdy/virtualENv/openEnv/lib/python3.4/site-packages/django/contrib/sessions/middleware.py", line 42, in process_response
    request.session.save()
  File "/home/rdy/virtualENv/openEnv/lib/python3.4/site-packages/django/contrib/sessions/backends/cache.py", line 56, in save
    result = func(self.cache_key,
  File "/home/rdy/virtualENv/openEnv/lib/python3.4/site-packages/django/contrib/sessions/backends/cache.py", line 19, in cache_key
    return KEY_PREFIX + self._get_or_create_session_key()
  File "/home/rdy/virtualENv/openEnv/lib/python3.4/site-packages/django/contrib/sessions/backends/base.py", line 155, in _get_or_create_session_key
    self._session_key = self._get_new_session_key()
  File "/home/rdy/virtualENv/openEnv/lib/python3.4/site-packages/django/contrib/sessions/backends/base.py", line 149, in _get_new_session_key
    if not self.exists(session_key):
  File "/home/rdy/virtualENv/openEnv/lib/python3.4/site-packages/django/contrib/sessions/backends/cache.py", line 63, in exists
    return (KEY_PREFIX + session_key) in self._cache
  File "/home/rdy/virtualENv/openEnv/lib/python3.4/site-packages/django/core/cache/backends/base.py", line 182, in __contains__
    return self.has_key(key)
  File "/home/rdy/virtualENv/openEnv/lib/python3.4/site-packages/django/core/cache/backends/base.py", line 154, in has_key
    return self.get(key, version=version) is not None
  File "/home/rdy/virtualENv/openEnv/lib/python3.4/site-packages/django/core/cache/backends/memcached.py", line 82, in get
    val = self._cache.get(key)
  File "/home/rdy/virtualENv/openEnv/lib/python3.4/site-packages/django/core/cache/backends/memcached.py", line 171, in _cache
    self._client = self._lib.Client(self._servers, pickleProtocol=pickle.HIGHEST_PROTOCOL)
  File "/home/rdy/virtualENv/openEnv/lib/python3.4/site-packages/memcache.py", line 225, in __init__
    file = StringIO()
NameError: name 'StringIO' is not defined
2016-11-04 10:39:15,867 [Thread-1:140062809159424] [django.request:231] [ERROR]- Internal Server Error: /center/login
Traceback (most recent call last):
  File "/home/rdy/virtualENv/openEnv/lib/python3.4/site-packages/django/core/handlers/base.py", line 204, in get_response
    response = middleware_method(request, response)
  File "/home/rdy/virtualENv/openEnv/lib/python3.4/site-packages/django/contrib/sessions/middleware.py", line 42, in process_response
    request.session.save()
  File "/home/rdy/virtualENv/openEnv/lib/python3.4/site-packages/django/contrib/sessions/backends/cache.py", line 56, in save
    result = func(self.cache_key,
  File "/home/rdy/virtualENv/openEnv/lib/python3.4/site-packages/django/contrib/sessions/backends/cache.py", line 19, in cache_key
    return KEY_PREFIX + self._get_or_create_session_key()
  File "/home/rdy/virtualENv/openEnv/lib/python3.4/site-packages/django/contrib/sessions/backends/base.py", line 155, in _get_or_create_session_key
    self._session_key = self._get_new_session_key()
  File "/home/rdy/virtualENv/openEnv/lib/python3.4/site-packages/django/contrib/sessions/backends/base.py", line 149, in _get_new_session_key
    if not self.exists(session_key):
  File "/home/rdy/virtualENv/openEnv/lib/python3.4/site-packages/django/contrib/sessions/backends/cache.py", line 63, in exists
    return (KEY_PREFIX + session_key) in self._cache
  File "/home/rdy/virtualENv/openEnv/lib/python3.4/site-packages/django/core/cache/backends/base.py", line 182, in __contains__
    return self.has_key(key)
  File "/home/rdy/virtualENv/openEnv/lib/python3.4/site-packages/django/core/cache/backends/base.py", line 154, in has_key
    return self.get(key, version=version) is not None
  File "/home/rdy/virtualENv/openEnv/lib/python3.4/site-packages/django/core/cache/backends/memcached.py", line 82, in get
    val = self._cache.get(key)
  File "/home/rdy/virtualENv/openEnv/lib/python3.4/site-packages/django/core/cache/backends/memcached.py", line 171, in _cache
    self._client = self._lib.Client(self._servers, pickleProtocol=pickle.HIGHEST_PROTOCOL)
  File "/home/rdy/virtualENv/openEnv/lib/python3.4/site-packages/memcache.py", line 225, in __init__
    file = BytesIO()
NameError: name 'BytesIO' is not defined
2017-07-14 09:01:34,973 [Thread-27:140290786576128] [django.request:143] [WARNING]- Not Found: /assets/images/dev/arrow_d.png
2017-07-14 09:04:00,155 [Thread-29:140290778183424] [django.request:143] [WARNING]- Not Found: /assets/images/dev/arrow_d.png
2017-07-14 15:49:15,583 [Thread-12:140455278794496] [django.request:231] [ERROR]- Internal Server Error: /center/
Traceback (most recent call last):
  File "/home/rdy/virtualENv/openEnv/lib/python3.4/site-packages/django/core/handlers/base.py", line 111, in get_response
    response = wrapped_callback(request, *callback_args, **callback_kwargs)
  File "/home/rdy/virtualENv/openEnv/lib/python3.4/site-packages/django/views/decorators/csrf.py", line 57, in wrapped_view
    return view_func(*args, **kwargs)
  File "/home/rdy/virtualENv/openEnv/lib/python3.4/site-packages/django/contrib/auth/decorators.py", line 22, in _wrapped_view
    return view_func(request, *args, **kwargs)
  File "/home/rdy/git-workspace/open/app/center/views.py", line 94, in home
    fac_info = get_factory_info(request.user.account_from_id)
  File "/home/rdy/git-workspace/open/common/smart_helper.py", line 53, in get_factory_info
    conn = SysMysqlHandler().conn
  File "/home/rdy/git-workspace/open/base/connection.py", line 69, in __init__
    cursorclass=pymysql.cursors.DictCursor)
  File "/home/rdy/virtualENv/openEnv/lib/python3.4/site-packages/pymysql/__init__.py", line 88, in Connect
    return Connection(*args, **kwargs)
  File "/home/rdy/virtualENv/openEnv/lib/python3.4/site-packages/pymysql/connections.py", line 644, in __init__
    self._connect()
  File "/home/rdy/virtualENv/openEnv/lib/python3.4/site-packages/pymysql/connections.py", line 838, in _connect
    self._request_authentication()
  File "/home/rdy/virtualENv/openEnv/lib/python3.4/site-packages/pymysql/connections.py", line 1021, in _request_authentication
    auth_packet = self._read_packet()
  File "/home/rdy/virtualENv/openEnv/lib/python3.4/site-packages/pymysql/connections.py", line 893, in _read_packet
    packet.check_error()
  File "/home/rdy/virtualENv/openEnv/lib/python3.4/site-packages/pymysql/connections.py", line 369, in check_error
    err.raise_mysql_exception(self._data)
  File "/home/rdy/virtualENv/openEnv/lib/python3.4/site-packages/pymysql/err.py", line 120, in raise_mysql_exception
    _check_mysql_exception(errinfo)
  File "/home/rdy/virtualENv/openEnv/lib/python3.4/site-packages/pymysql/err.py", line 115, in _check_mysql_exception
    raise InternalError(errno, errorvalue)
pymysql.err.InternalError: (1049, "Unknown database 'ebdb_smartsys'")
2017-07-14 15:49:16,560 [Thread-13:140455287187200] [django.request:143] [WARNING]- Not Found: /favicon.ico
2017-07-14 16:26:13,407 [Thread-41:140467391096576] [django.request:143] [WARNING]- Not Found: /assets/images/dev/arrow_d.png
2017-07-14 16:32:24,669 [Thread-39:140358021265152] [django.request:231] [ERROR]- Internal Server Error: /assets/images/dev/arrow_d.png
Traceback (most recent call last):
  File "/home/rdy/virtualENv/openEnv/lib/python3.4/site-packages/django/db/backends/__init__.py", line 133, in ensure_connection
    self.connect()
  File "/home/rdy/virtualENv/openEnv/lib/python3.4/site-packages/django/db/backends/__init__.py", line 122, in connect
    self.connection = self.get_new_connection(conn_params)
  File "/home/rdy/virtualENv/openEnv/lib/python3.4/site-packages/django/db/backends/mysql/base.py", line 471, in get_new_connection
    conn = Database.connect(**conn_params)
  File "/home/rdy/virtualENv/openEnv/lib/python3.4/site-packages/pymysql/__init__.py", line 88, in Connect
    return Connection(*args, **kwargs)
  File "/home/rdy/virtualENv/openEnv/lib/python3.4/site-packages/pymysql/connections.py", line 644, in __init__
    self._connect()
  File "/home/rdy/virtualENv/openEnv/lib/python3.4/site-packages/pymysql/connections.py", line 838, in _connect
    self._request_authentication()
  File "/home/rdy/virtualENv/openEnv/lib/python3.4/site-packages/pymysql/connections.py", line 1021, in _request_authentication
    auth_packet = self._read_packet()
  File "/home/rdy/virtualENv/openEnv/lib/python3.4/site-packages/pymysql/connections.py", line 893, in _read_packet
    packet.check_error()
  File "/home/rdy/virtualENv/openEnv/lib/python3.4/site-packages/pymysql/connections.py", line 369, in check_error
    err.raise_mysql_exception(self._data)
  File "/home/rdy/virtualENv/openEnv/lib/python3.4/site-packages/pymysql/err.py", line 120, in raise_mysql_exception
    _check_mysql_exception(errinfo)
  File "/home/rdy/virtualENv/openEnv/lib/python3.4/site-packages/pymysql/err.py", line 115, in _check_mysql_exception
    raise InternalError(errno, errorvalue)
pymysql.err.InternalError: (1226, "User 'open' has exceeded the 'max_connections_per_hour' resource (current value: 10)")

The above exception was the direct cause of the following exception:

Traceback (most recent call last):
  File "/home/rdy/virtualENv/openEnv/lib/python3.4/site-packages/django/core/handlers/base.py", line 87, in get_response
    response = middleware_method(request)
  File "/home/rdy/virtualENv/openEnv/lib/python3.4/site-packages/django/contrib/auth/middleware.py", line 34, in process_request
    if user and hasattr(user, 'get_session_auth_hash'):
  File "/home/rdy/virtualENv/openEnv/lib/python3.4/site-packages/django/utils/functional.py", line 224, in inner
    self._setup()
  File "/home/rdy/virtualENv/openEnv/lib/python3.4/site-packages/django/utils/functional.py", line 357, in _setup
    self._wrapped = self._setupfunc()
  File "/home/rdy/virtualENv/openEnv/lib/python3.4/site-packages/django/contrib/auth/middleware.py", line 23, in <lambda>
    request.user = SimpleLazyObject(lambda: get_user(request))
  File "/home/rdy/virtualENv/openEnv/lib/python3.4/site-packages/django/contrib/auth/middleware.py", line 11, in get_user
    request._cached_user = auth.get_user(request)
  File "/home/rdy/virtualENv/openEnv/lib/python3.4/site-packages/django/contrib/auth/__init__.py", line 158, in get_user
    user = backend.get_user(user_id)
  File "/home/rdy/virtualENv/openEnv/lib/python3.4/site-packages/django/contrib/auth/backends.py", line 69, in get_user
    return UserModel._default_manager.get(pk=user_id)
  File "/home/rdy/virtualENv/openEnv/lib/python3.4/site-packages/django/db/models/manager.py", line 92, in manager_method
    return getattr(self.get_queryset(), name)(*args, **kwargs)
  File "/home/rdy/virtualENv/openEnv/lib/python3.4/site-packages/django/db/models/query.py", line 351, in get
    num = len(clone)
  File "/home/rdy/virtualENv/openEnv/lib/python3.4/site-packages/django/db/models/query.py", line 122, in __len__
    self._fetch_all()
  File "/home/rdy/virtualENv/openEnv/lib/python3.4/site-packages/django/db/models/query.py", line 966, in _fetch_all
    self._result_cache = list(self.iterator())
  File "/home/rdy/virtualENv/openEnv/lib/python3.4/site-packages/django/db/models/query.py", line 265, in iterator
    for row in compiler.results_iter():
  File "/home/rdy/virtualENv/openEnv/lib/python3.4/site-packages/django/db/models/sql/compiler.py", line 700, in results_iter
    for rows in self.execute_sql(MULTI):
  File "/home/rdy/virtualENv/openEnv/lib/python3.4/site-packages/django/db/models/sql/compiler.py", line 784, in execute_sql
    cursor = self.connection.cursor()
  File "/home/rdy/virtualENv/openEnv/lib/python3.4/site-packages/django/db/backends/__init__.py", line 165, in cursor
    cursor = self.make_debug_cursor(self._cursor())
  File "/home/rdy/virtualENv/openEnv/lib/python3.4/site-packages/django/db/backends/__init__.py", line 138, in _cursor
    self.ensure_connection()
  File "/home/rdy/virtualENv/openEnv/lib/python3.4/site-packages/django/db/backends/__init__.py", line 133, in ensure_connection
    self.connect()
  File "/home/rdy/virtualENv/openEnv/lib/python3.4/site-packages/django/db/utils.py", line 94, in __exit__
    six.reraise(dj_exc_type, dj_exc_value, traceback)
  File "/home/rdy/virtualENv/openEnv/lib/python3.4/site-packages/django/utils/six.py", line 549, in reraise
    raise value.with_traceback(tb)
  File "/home/rdy/virtualENv/openEnv/lib/python3.4/site-packages/django/db/backends/__init__.py", line 133, in ensure_connection
    self.connect()
  File "/home/rdy/virtualENv/openEnv/lib/python3.4/site-packages/django/db/backends/__init__.py", line 122, in connect
    self.connection = self.get_new_connection(conn_params)
  File "/home/rdy/virtualENv/openEnv/lib/python3.4/site-packages/django/db/backends/mysql/base.py", line 471, in get_new_connection
    conn = Database.connect(**conn_params)
  File "/home/rdy/virtualENv/openEnv/lib/python3.4/site-packages/pymysql/__init__.py", line 88, in Connect
    return Connection(*args, **kwargs)
  File "/home/rdy/virtualENv/openEnv/lib/python3.4/site-packages/pymysql/connections.py", line 644, in __init__
    self._connect()
  File "/home/rdy/virtualENv/openEnv/lib/python3.4/site-packages/pymysql/connections.py", line 838, in _connect
    self._request_authentication()
  File "/home/rdy/virtualENv/openEnv/lib/python3.4/site-packages/pymysql/connections.py", line 1021, in _request_authentication
    auth_packet = self._read_packet()
  File "/home/rdy/virtualENv/openEnv/lib/python3.4/site-packages/pymysql/connections.py", line 893, in _read_packet
    packet.check_error()
  File "/home/rdy/virtualENv/openEnv/lib/python3.4/site-packages/pymysql/connections.py", line 369, in check_error
    err.raise_mysql_exception(self._data)
  File "/home/rdy/virtualENv/openEnv/lib/python3.4/site-packages/pymysql/err.py", line 120, in raise_mysql_exception
    _check_mysql_exception(errinfo)
  File "/home/rdy/virtualENv/openEnv/lib/python3.4/site-packages/pymysql/err.py", line 115, in _check_mysql_exception
    raise InternalError(errno, errorvalue)
django.db.utils.InternalError: (1226, "User 'open' has exceeded the 'max_connections_per_hour' resource (current value: 10)")
2017-07-14 16:32:29,315 [Thread-40:140358021265152] [django.request:231] [ERROR]- Internal Server Error: /product/list/
Traceback (most recent call last):
  File "/home/rdy/virtualENv/openEnv/lib/python3.4/site-packages/django/db/backends/__init__.py", line 133, in ensure_connection
    self.connect()
  File "/home/rdy/virtualENv/openEnv/lib/python3.4/site-packages/django/db/backends/__init__.py", line 122, in connect
    self.connection = self.get_new_connection(conn_params)
  File "/home/rdy/virtualENv/openEnv/lib/python3.4/site-packages/django/db/backends/mysql/base.py", line 471, in get_new_connection
    conn = Database.connect(**conn_params)
  File "/home/rdy/virtualENv/openEnv/lib/python3.4/site-packages/pymysql/__init__.py", line 88, in Connect
    return Connection(*args, **kwargs)
  File "/home/rdy/virtualENv/openEnv/lib/python3.4/site-packages/pymysql/connections.py", line 644, in __init__
    self._connect()
  File "/home/rdy/virtualENv/openEnv/lib/python3.4/site-packages/pymysql/connections.py", line 838, in _connect
    self._request_authentication()
  File "/home/rdy/virtualENv/openEnv/lib/python3.4/site-packages/pymysql/connections.py", line 1021, in _request_authentication
    auth_packet = self._read_packet()
  File "/home/rdy/virtualENv/openEnv/lib/python3.4/site-packages/pymysql/connections.py", line 893, in _read_packet
    packet.check_error()
  File "/home/rdy/virtualENv/openEnv/lib/python3.4/site-packages/pymysql/connections.py", line 369, in check_error
    err.raise_mysql_exception(self._data)
  File "/home/rdy/virtualENv/openEnv/lib/python3.4/site-packages/pymysql/err.py", line 120, in raise_mysql_exception
    _check_mysql_exception(errinfo)
  File "/home/rdy/virtualENv/openEnv/lib/python3.4/site-packages/pymysql/err.py", line 115, in _check_mysql_exception
    raise InternalError(errno, errorvalue)
pymysql.err.InternalError: (1226, "User 'open' has exceeded the 'max_connections_per_hour' resource (current value: 10)")

The above exception was the direct cause of the following exception:

Traceback (most recent call last):
  File "/home/rdy/virtualENv/openEnv/lib/python3.4/site-packages/django/core/handlers/base.py", line 87, in get_response
    response = middleware_method(request)
  File "/home/rdy/virtualENv/openEnv/lib/python3.4/site-packages/django/contrib/auth/middleware.py", line 34, in process_request
    if user and hasattr(user, 'get_session_auth_hash'):
  File "/home/rdy/virtualENv/openEnv/lib/python3.4/site-packages/django/utils/functional.py", line 224, in inner
    self._setup()
  File "/home/rdy/virtualENv/openEnv/lib/python3.4/site-packages/django/utils/functional.py", line 357, in _setup
    self._wrapped = self._setupfunc()
  File "/home/rdy/virtualENv/openEnv/lib/python3.4/site-packages/django/contrib/auth/middleware.py", line 23, in <lambda>
    request.user = SimpleLazyObject(lambda: get_user(request))
  File "/home/rdy/virtualENv/openEnv/lib/python3.4/site-packages/django/contrib/auth/middleware.py", line 11, in get_user
    request._cached_user = auth.get_user(request)
  File "/home/rdy/virtualENv/openEnv/lib/python3.4/site-packages/django/contrib/auth/__init__.py", line 158, in get_user
    user = backend.get_user(user_id)
  File "/home/rdy/virtualENv/openEnv/lib/python3.4/site-packages/django/contrib/auth/backends.py", line 69, in get_user
    return UserModel._default_manager.get(pk=user_id)
  File "/home/rdy/virtualENv/openEnv/lib/python3.4/site-packages/django/db/models/manager.py", line 92, in manager_method
    return getattr(self.get_queryset(), name)(*args, **kwargs)
  File "/home/rdy/virtualENv/openEnv/lib/python3.4/site-packages/django/db/models/query.py", line 351, in get
    num = len(clone)
  File "/home/rdy/virtualENv/openEnv/lib/python3.4/site-packages/django/db/models/query.py", line 122, in __len__
    self._fetch_all()
  File "/home/rdy/virtualENv/openEnv/lib/python3.4/site-packages/django/db/models/query.py", line 966, in _fetch_all
    self._result_cache = list(self.iterator())
  File "/home/rdy/virtualENv/openEnv/lib/python3.4/site-packages/django/db/models/query.py", line 265, in iterator
    for row in compiler.results_iter():
  File "/home/rdy/virtualENv/openEnv/lib/python3.4/site-packages/django/db/models/sql/compiler.py", line 700, in results_iter
    for rows in self.execute_sql(MULTI):
  File "/home/rdy/virtualENv/openEnv/lib/python3.4/site-packages/django/db/models/sql/compiler.py", line 784, in execute_sql
    cursor = self.connection.cursor()
  File "/home/rdy/virtualENv/openEnv/lib/python3.4/site-packages/django/db/backends/__init__.py", line 165, in cursor
    cursor = self.make_debug_cursor(self._cursor())
  File "/home/rdy/virtualENv/openEnv/lib/python3.4/site-packages/django/db/backends/__init__.py", line 138, in _cursor
    self.ensure_connection()
  File "/home/rdy/virtualENv/openEnv/lib/python3.4/site-packages/django/db/backends/__init__.py", line 133, in ensure_connection
    self.connect()
  File "/home/rdy/virtualENv/openEnv/lib/python3.4/site-packages/django/db/utils.py", line 94, in __exit__
    six.reraise(dj_exc_type, dj_exc_value, traceback)
  File "/home/rdy/virtualENv/openEnv/lib/python3.4/site-packages/django/utils/six.py", line 549, in reraise
    raise value.with_traceback(tb)
  File "/home/rdy/virtualENv/openEnv/lib/python3.4/site-packages/django/db/backends/__init__.py", line 133, in ensure_connection
    self.connect()
  File "/home/rdy/virtualENv/openEnv/lib/python3.4/site-packages/django/db/backends/__init__.py", line 122, in connect
    self.connection = self.get_new_connection(conn_params)
  File "/home/rdy/virtualENv/openEnv/lib/python3.4/site-packages/django/db/backends/mysql/base.py", line 471, in get_new_connection
    conn = Database.connect(**conn_params)
  File "/home/rdy/virtualENv/openEnv/lib/python3.4/site-packages/pymysql/__init__.py", line 88, in Connect
    return Connection(*args, **kwargs)
  File "/home/rdy/virtualENv/openEnv/lib/python3.4/site-packages/pymysql/connections.py", line 644, in __init__
    self._connect()
  File "/home/rdy/virtualENv/openEnv/lib/python3.4/site-packages/pymysql/connections.py", line 838, in _connect
    self._request_authentication()
  File "/home/rdy/virtualENv/openEnv/lib/python3.4/site-packages/pymysql/connections.py", line 1021, in _request_authentication
    auth_packet = self._read_packet()
  File "/home/rdy/virtualENv/openEnv/lib/python3.4/site-packages/pymysql/connections.py", line 893, in _read_packet
    packet.check_error()
  File "/home/rdy/virtualENv/openEnv/lib/python3.4/site-packages/pymysql/connections.py", line 369, in check_error
    err.raise_mysql_exception(self._data)
  File "/home/rdy/virtualENv/openEnv/lib/python3.4/site-packages/pymysql/err.py", line 120, in raise_mysql_exception
    _check_mysql_exception(errinfo)
  File "/home/rdy/virtualENv/openEnv/lib/python3.4/site-packages/pymysql/err.py", line 115, in _check_mysql_exception
    raise InternalError(errno, errorvalue)
django.db.utils.InternalError: (1226, "User 'open' has exceeded the 'max_connections_per_hour' resource (current value: 10)")
2017-07-14 16:33:47,661 [Thread-55:140358046443264] [django.request:143] [WARNING]- Not Found: /product/list/None
2017-07-21 13:19:21,683 [Thread-11:5996] [django.request:143] [WARNING]- Not Found: /assets/images/dev/arrow_d.png
2017-07-21 13:25:21,972 [Thread-35:13604] [django.request:143] [WARNING]- Not Found: /product/main/assets/css/bootstrap.min.css
2017-07-21 13:25:21,986 [Thread-37:5696] [django.request:143] [WARNING]- Not Found: /product/main/assets/css/jquery-ui.min.css
2017-07-21 13:25:21,995 [Thread-36:8820] [django.request:143] [WARNING]- Not Found: /product/main/assets/font-awesome/4.5.0/css/font-awesome.min.css
2017-07-21 13:25:22,010 [Thread-38:9736] [django.request:143] [WARNING]- Not Found: /product/main/assets/css/bootstrap-datepicker3.min.css
2017-07-21 13:25:22,049 [Thread-39:8536] [django.request:143] [WARNING]- Not Found: /product/main/assets/css/ui.jqgrid.min.css
2017-07-21 13:25:22,070 [Thread-40:2736] [django.request:143] [WARNING]- Not Found: /product/main/assets/css/fonts.googleapis.com.css
2017-07-21 13:25:22,084 [Thread-41:4712] [django.request:143] [WARNING]- Not Found: /product/main/assets/js/ace-extra.min.js
2017-07-21 13:25:22,213 [Thread-43:8272] [django.request:143] [WARNING]- Not Found: /product/main/assets/css/ace-skins.min.css
2017-07-21 13:25:22,217 [Thread-42:188] [django.request:143] [WARNING]- Not Found: /product/main/assets/css/ace.min.css
2017-07-21 13:25:22,285 [Thread-44:7788] [django.request:143] [WARNING]- Not Found: /product/main/assets/css/ace-rtl.min.css
2017-07-21 13:25:25,935 [Thread-47:8264] [django.request:143] [WARNING]- Not Found: /product/main/assets/font-awesome/4.5.0/css/font-awesome.min.css
2017-07-21 13:25:25,947 [Thread-48:8996] [django.request:143] [WARNING]- Not Found: /product/main/assets/css/jquery-ui.min.css
2017-07-21 13:25:25,963 [Thread-46:16964] [django.request:143] [WARNING]- Not Found: /product/main/assets/css/bootstrap.min.css
2017-07-21 13:25:25,993 [Thread-49:14328] [django.request:143] [WARNING]- Not Found: /product/main/assets/css/bootstrap-datepicker3.min.css
2017-07-21 13:25:25,997 [Thread-52:1836] [django.request:143] [WARNING]- Not Found: /product/main/assets/js/ace-extra.min.js
2017-07-21 13:25:26,023 [Thread-50:14664] [django.request:143] [WARNING]- Not Found: /product/main/assets/css/ui.jqgrid.min.css
2017-07-21 13:25:26,034 [Thread-51:14912] [django.request:143] [WARNING]- Not Found: /product/main/assets/css/fonts.googleapis.com.css
2017-07-21 13:25:26,165 [Thread-53:7060] [django.request:143] [WARNING]- Not Found: /product/main/assets/css/ace.min.css
2017-07-21 13:25:26,212 [Thread-54:8700] [django.request:143] [WARNING]- Not Found: /product/main/assets/css/ace-skins.min.css
2017-07-21 13:25:26,283 [Thread-55:13584] [django.request:143] [WARNING]- Not Found: /product/main/assets/css/ace-rtl.min.css
2017-07-21 13:25:30,298 [Thread-63:11676] [django.request:143] [WARNING]- Not Found: /product/main/assets/js/ace-extra.min.js
2017-07-21 13:25:30,321 [Thread-61:14868] [django.request:143] [WARNING]- Not Found: /product/main/assets/css/ui.jqgrid.min.css
2017-07-21 13:25:30,330 [Thread-58:10204] [django.request:143] [WARNING]- Not Found: /product/main/assets/font-awesome/4.5.0/css/font-awesome.min.css
2017-07-21 13:25:30,337 [Thread-57:960] [django.request:143] [WARNING]- Not Found: /product/main/assets/css/bootstrap.min.css
2017-07-21 13:25:30,350 [Thread-59:14616] [django.request:143] [WARNING]- Not Found: /product/main/assets/css/jquery-ui.min.css
2017-07-21 13:25:30,370 [Thread-62:5044] [django.request:143] [WARNING]- Not Found: /product/main/assets/css/fonts.googleapis.com.css
2017-07-21 13:25:30,373 [Thread-60:6756] [django.request:143] [WARNING]- Not Found: /product/main/assets/css/bootstrap-datepicker3.min.css
2017-07-21 13:25:30,532 [Thread-65:11012] [django.request:143] [WARNING]- Not Found: /product/main/assets/css/ace-skins.min.css
2017-07-21 13:25:30,564 [Thread-64:13348] [django.request:143] [WARNING]- Not Found: /product/main/assets/css/ace.min.css
2017-07-21 13:25:30,606 [Thread-66:1112] [django.request:143] [WARNING]- Not Found: /product/main/assets/css/ace-rtl.min.css
2017-07-21 13:25:33,732 [Thread-68:6736] [django.request:143] [WARNING]- Not Found: /product/main/assets/font-awesome/4.5.0/css/font-awesome.min.css
2017-07-21 13:25:33,746 [Thread-67:12756] [django.request:143] [WARNING]- Not Found: /product/main/assets/css/bootstrap.min.css
2017-07-21 13:25:33,805 [Thread-69:9908] [django.request:143] [WARNING]- Not Found: /product/main/assets/css/jquery-ui.min.css
2017-07-21 13:25:33,823 [Thread-70:13748] [django.request:143] [WARNING]- Not Found: /product/main/assets/css/bootstrap-datepicker3.min.css
2017-07-21 13:25:33,849 [Thread-72:10212] [django.request:143] [WARNING]- Not Found: /product/main/assets/css/fonts.googleapis.com.css
2017-07-21 13:25:33,898 [Thread-71:6948] [django.request:143] [WARNING]- Not Found: /product/main/assets/css/ui.jqgrid.min.css
2017-07-21 13:25:33,973 [Thread-73:4912] [django.request:143] [WARNING]- Not Found: /product/main/assets/css/ace.min.css
2017-07-21 13:25:34,011 [Thread-74:17200] [django.request:143] [WARNING]- Not Found: /product/main/assets/css/ace-skins.min.css
2017-07-21 13:25:34,064 [Thread-75:4084] [django.request:143] [WARNING]- Not Found: /product/main/assets/css/ace-rtl.min.css
2017-07-21 13:25:47,999 [Thread-83:9552] [django.request:143] [WARNING]- Not Found: /product/main/assets/css/bootstrap.min.css
2017-07-21 13:25:48,033 [Thread-84:7268] [django.request:143] [WARNING]- Not Found: /product/main/assets/font-awesome/4.5.0/css/font-awesome.min.css
2017-07-21 13:25:48,100 [Thread-85:6072] [django.request:143] [WARNING]- Not Found: /product/main/assets/css/jquery-ui.min.css
2017-07-21 13:25:48,148 [Thread-86:9112] [django.request:143] [WARNING]- Not Found: /product/main/assets/css/bootstrap-datepicker3.min.css
2017-07-21 13:25:48,183 [Thread-87:16104] [django.request:143] [WARNING]- Not Found: /product/main/assets/css/ui.jqgrid.min.css
2017-07-21 13:25:48,202 [Thread-89:9436] [django.request:143] [WARNING]- Not Found: /product/main/assets/js/ace-extra.min.js
2017-07-21 13:25:48,208 [Thread-88:9784] [django.request:143] [WARNING]- Not Found: /product/main/assets/css/fonts.googleapis.com.css
2017-07-21 13:25:48,310 [Thread-90:13712] [django.request:143] [WARNING]- Not Found: /product/main/assets/css/ace.min.css
2017-07-21 13:25:48,398 [Thread-91:10496] [django.request:143] [WARNING]- Not Found: /product/main/assets/css/ace-skins.min.css
2017-07-21 13:25:48,493 [Thread-92:8580] [django.request:143] [WARNING]- Not Found: /product/main/assets/css/ace-rtl.min.css
2017-07-21 13:25:57,291 [Thread-95:9508] [django.request:143] [WARNING]- Not Found: /product/main/assets/font-awesome/4.5.0/css/font-awesome.min.css
2017-07-21 13:25:57,297 [Thread-94:16784] [django.request:143] [WARNING]- Not Found: /product/main/assets/css/bootstrap.min.css
2017-07-21 13:25:57,309 [Thread-96:3836] [django.request:143] [WARNING]- Not Found: /product/main/assets/css/jquery-ui.min.css
2017-07-21 13:25:57,355 [Thread-97:15996] [django.request:143] [WARNING]- Not Found: /product/main/assets/css/bootstrap-datepicker3.min.css
2017-07-21 13:25:57,381 [Thread-98:2688] [django.request:143] [WARNING]- Not Found: /product/main/assets/css/ui.jqgrid.min.css
2017-07-21 13:25:57,410 [Thread-99:16052] [django.request:143] [WARNING]- Not Found: /product/main/assets/css/fonts.googleapis.com.css
2017-07-21 13:25:57,431 [Thread-100:1840] [django.request:143] [WARNING]- Not Found: /product/main/assets/js/ace-extra.min.js
2017-07-21 13:25:57,512 [Thread-101:8380] [django.request:143] [WARNING]- Not Found: /product/main/assets/css/ace.min.css
2017-07-21 13:25:57,538 [Thread-102:16488] [django.request:143] [WARNING]- Not Found: /product/main/assets/css/ace-skins.min.css
2017-07-21 13:25:57,614 [Thread-103:10952] [django.request:143] [WARNING]- Not Found: /product/main/assets/css/ace-rtl.min.css
2017-07-21 13:26:06,500 [Thread-115:5520] [django.request:143] [WARNING]- Not Found: /product/main/assets/css/bootstrap.min.css
2017-07-21 13:26:06,541 [Thread-117:9012] [django.request:143] [WARNING]- Not Found: /product/main/assets/css/jquery-ui.min.css
2017-07-21 13:26:06,567 [Thread-116:9296] [django.request:143] [WARNING]- Not Found: /product/main/assets/font-awesome/4.5.0/css/font-awesome.min.css
2017-07-21 13:26:06,606 [Thread-118:8920] [django.request:143] [WARNING]- Not Found: /product/main/assets/css/bootstrap-datepicker3.min.css
2017-07-21 13:26:06,615 [Thread-120:11104] [django.request:143] [WARNING]- Not Found: /product/main/assets/css/fonts.googleapis.com.css
2017-07-21 13:26:06,641 [Thread-119:6268] [django.request:143] [WARNING]- Not Found: /product/main/assets/css/ui.jqgrid.min.css
2017-07-21 13:26:06,689 [Thread-121:17372] [django.request:143] [WARNING]- Not Found: /product/main/assets/js/ace-extra.min.js
2017-07-21 13:26:06,755 [Thread-122:6592] [django.request:143] [WARNING]- Not Found: /product/main/assets/css/ace.min.css
2017-07-21 13:26:06,783 [Thread-123:2644] [django.request:143] [WARNING]- Not Found: /product/main/assets/css/ace-skins.min.css
2017-07-21 13:26:06,821 [Thread-124:8816] [django.request:143] [WARNING]- Not Found: /product/main/assets/css/ace-rtl.min.css
2017-07-21 13:30:06,874 [Thread-137:10796] [django.request:143] [WARNING]- Not Found: /product/main/assets/css/bootstrap.min.css
2017-07-21 13:30:06,875 [Thread-138:10312] [django.request:143] [WARNING]- Not Found: /product/main/assets/font-awesome/4.5.0/css/font-awesome.min.css
2017-07-21 13:30:06,909 [Thread-140:15948] [django.request:143] [WARNING]- Not Found: /product/main/assets/css/bootstrap-datepicker3.min.css
2017-07-21 13:30:06,935 [Thread-139:14408] [django.request:143] [WARNING]- Not Found: /product/main/assets/css/jquery-ui.min.css
2017-07-21 13:30:06,998 [Thread-141:1916] [django.request:143] [WARNING]- Not Found: /product/main/assets/css/ui.jqgrid.min.css
2017-07-21 13:30:07,004 [Thread-142:15112] [django.request:143] [WARNING]- Not Found: /product/main/assets/css/fonts.googleapis.com.css
2017-07-21 13:30:07,044 [Thread-143:13940] [django.request:143] [WARNING]- Not Found: /product/main/assets/js/ace-extra.min.js
2017-07-21 13:30:07,101 [Thread-144:14384] [django.request:143] [WARNING]- Not Found: /product/main/assets/css/ace.min.css
2017-07-21 13:30:07,107 [Thread-145:12740] [django.request:143] [WARNING]- Not Found: /product/main/assets/css/ace-skins.min.css
2017-07-21 13:30:07,177 [Thread-146:14768] [django.request:143] [WARNING]- Not Found: /product/main/assets/css/ace-rtl.min.css
2017-07-21 13:33:25,930 [Thread-162:5836] [django.request:143] [WARNING]- Not Found: /product/main/assets/font-awesome/4.5.0/css/font-awesome.min.css
2017-07-21 13:33:25,938 [Thread-161:16796] [django.request:143] [WARNING]- Not Found: /product/main/assets/css/bootstrap.min.css
2017-07-21 13:33:25,959 [Thread-164:16648] [django.request:143] [WARNING]- Not Found: /product/main/assets/css/bootstrap-datepicker3.min.css
2017-07-21 13:33:25,991 [Thread-163:828] [django.request:143] [WARNING]- Not Found: /product/main/assets/css/jquery-ui.min.css
2017-07-21 13:33:26,024 [Thread-165:13076] [django.request:143] [WARNING]- Not Found: /product/main/assets/css/ui.jqgrid.min.css
2017-07-21 13:33:26,058 [Thread-166:8344] [django.request:143] [WARNING]- Not Found: /product/main/assets/css/fonts.googleapis.com.css
2017-07-21 13:33:26,074 [Thread-167:3208] [django.request:143] [WARNING]- Not Found: /product/main/assets/js/ace-extra.min.js
2017-07-21 13:33:26,142 [Thread-168:3148] [django.request:143] [WARNING]- Not Found: /product/main/assets/css/ace.min.css
2017-07-21 13:33:26,172 [Thread-169:8796] [django.request:143] [WARNING]- Not Found: /product/main/assets/css/ace-skins.min.css
2017-07-21 13:33:26,216 [Thread-170:10520] [django.request:143] [WARNING]- Not Found: /product/main/assets/css/ace-rtl.min.css
2017-07-21 13:36:39,208 [Thread-184:15036] [django.request:143] [WARNING]- Not Found: /product/main/assets/css/bootstrap.min.css
2017-07-21 13:36:39,260 [Thread-185:11800] [django.request:143] [WARNING]- Not Found: /product/main/assets/font-awesome/4.5.0/css/font-awesome.min.css
2017-07-21 13:36:39,366 [Thread-186:5552] [django.request:143] [WARNING]- Not Found: /product/main/assets/css/jquery-ui.min.css
2017-07-21 13:36:39,425 [Thread-187:5076] [django.request:143] [WARNING]- Not Found: /product/main/assets/css/bootstrap-datepicker3.min.css
2017-07-21 13:36:39,463 [Thread-188:4704] [django.request:143] [WARNING]- Not Found: /product/main/assets/css/ui.jqgrid.min.css
2017-07-21 13:36:39,498 [Thread-189:15092] [django.request:143] [WARNING]- Not Found: /product/main/assets/css/fonts.googleapis.com.css
2017-07-21 13:36:39,523 [Thread-190:5288] [django.request:143] [WARNING]- Not Found: /product/main/assets/js/ace-extra.min.js
2017-07-21 13:36:39,528 [Thread-191:8968] [django.request:143] [WARNING]- Not Found: /product/main/assets/css/ace.min.css
2017-07-21 13:36:39,544 [Thread-192:11132] [django.request:143] [WARNING]- Not Found: /product/main/assets/css/ace-skins.min.css
2017-07-21 13:36:39,573 [Thread-193:14136] [django.request:143] [WARNING]- Not Found: /product/main/assets/css/ace-rtl.min.css
2017-07-21 13:37:46,334 [Thread-200:11716] [django.request:143] [WARNING]- Not Found: /product/main/assets/css/bootstrap.min.css
2017-07-21 13:37:46,393 [Thread-201:732] [django.request:143] [WARNING]- Not Found: /product/main/assets/font-awesome/4.5.0/css/font-awesome.min.css
2017-07-21 13:37:46,422 [Thread-202:4024] [django.request:143] [WARNING]- Not Found: /product/main/assets/css/jquery-ui.min.css
2017-07-21 13:37:46,451 [Thread-204:6104] [django.request:143] [WARNING]- Not Found: /product/main/assets/css/ui.jqgrid.min.css
2017-07-21 13:37:46,454 [Thread-203:5412] [django.request:143] [WARNING]- Not Found: /product/main/assets/css/bootstrap-datepicker3.min.css
2017-07-21 13:37:46,506 [Thread-205:8264] [django.request:143] [WARNING]- Not Found: /product/main/assets/css/fonts.googleapis.com.css
2017-07-21 13:37:46,523 [Thread-206:8996] [django.request:143] [WARNING]- Not Found: /product/main/assets/js/ace-extra.min.js
2017-07-21 13:37:46,568 [Thread-207:14328] [django.request:143] [WARNING]- Not Found: /product/main/assets/css/ace.min.css
2017-07-21 13:37:46,599 [Thread-208:16964] [django.request:143] [WARNING]- Not Found: /product/main/assets/css/ace-skins.min.css
2017-07-21 13:37:46,640 [Thread-209:1836] [django.request:143] [WARNING]- Not Found: /product/main/assets/css/ace-rtl.min.css
2017-07-21 13:39:04,416 [Thread-212:17200] [django.request:143] [WARNING]- Not Found: /product/main/assets/css/bootstrap.min.css
2017-07-21 13:39:04,418 [Thread-213:4084] [django.request:143] [WARNING]- Not Found: /product/main/assets/font-awesome/4.5.0/css/font-awesome.min.css
2017-07-21 13:39:04,436 [Thread-215:3684] [django.request:143] [WARNING]- Not Found: /product/main/assets/css/bootstrap-datepicker3.min.css
2017-07-21 13:39:04,496 [Thread-214:9604] [django.request:143] [WARNING]- Not Found: /product/main/assets/css/jquery-ui.min.css
2017-07-21 13:39:04,532 [Thread-216:9300] [django.request:143] [WARNING]- Not Found: /product/main/assets/css/ui.jqgrid.min.css
2017-07-21 13:39:04,576 [Thread-217:7876] [django.request:143] [WARNING]- Not Found: /product/main/assets/css/fonts.googleapis.com.css
2017-07-21 13:39:04,621 [Thread-218:11556] [django.request:143] [WARNING]- Not Found: /product/main/assets/js/ace-extra.min.js
2017-07-21 13:39:04,676 [Thread-219:12608] [django.request:143] [WARNING]- Not Found: /product/main/assets/css/ace.min.css
2017-07-21 13:39:04,700 [Thread-221:11700] [django.request:143] [WARNING]- Not Found: /product/main/assets/css/ace-rtl.min.css
2017-07-21 13:39:04,744 [Thread-220:13544] [django.request:143] [WARNING]- Not Found: /product/main/assets/css/ace-skins.min.css
2017-07-21 13:43:37,340 [Thread-235:4648] [django.request:143] [WARNING]- Not Found: /product/main/assets/css/bootstrap.min.css
2017-07-21 13:43:37,372 [Thread-236:5932] [django.request:143] [WARNING]- Not Found: /product/main/assets/font-awesome/4.5.0/css/font-awesome.min.css
2017-07-21 13:43:37,415 [Thread-237:12308] [django.request:143] [WARNING]- Not Found: /product/main/assets/css/jquery-ui.min.css
2017-07-21 13:43:37,474 [Thread-238:14608] [django.request:143] [WARNING]- Not Found: /product/main/assets/css/bootstrap-datepicker3.min.css
2017-07-21 13:43:37,490 [Thread-240:10012] [django.request:143] [WARNING]- Not Found: /product/main/assets/css/fonts.googleapis.com.css
2017-07-21 13:43:37,524 [Thread-239:9088] [django.request:143] [WARNING]- Not Found: /product/main/assets/css/ui.jqgrid.min.css
2017-07-21 13:43:37,583 [Thread-241:10108] [django.request:143] [WARNING]- Not Found: /product/main/assets/js/ace-extra.min.js
2017-07-21 13:43:37,657 [Thread-243:17116] [django.request:143] [WARNING]- Not Found: /product/main/assets/css/ace-skins.min.css
2017-07-21 13:43:37,662 [Thread-242:9316] [django.request:143] [WARNING]- Not Found: /product/main/assets/css/ace.min.css
2017-07-21 13:43:37,719 [Thread-244:2836] [django.request:143] [WARNING]- Not Found: /product/main/assets/css/ace-rtl.min.css
2017-07-21 13:45:56,467 [Thread-251:7612] [django.request:143] [WARNING]- Not Found: /product/main/assets/css/bootstrap.min.css
2017-07-21 13:45:56,541 [Thread-252:8032] [django.request:143] [WARNING]- Not Found: /product/main/assets/font-awesome/4.5.0/css/font-awesome.min.css
2017-07-21 13:45:56,601 [Thread-253:4372] [django.request:143] [WARNING]- Not Found: /product/main/assets/css/jquery-ui.min.css
2017-07-21 13:45:56,666 [Thread-254:4548] [django.request:143] [WARNING]- Not Found: /product/main/assets/css/bootstrap-datepicker3.min.css
2017-07-21 13:45:56,701 [Thread-255:17168] [django.request:143] [WARNING]- Not Found: /product/main/assets/css/ui.jqgrid.min.css
2017-07-21 13:45:56,722 [Thread-256:1004] [django.request:143] [WARNING]- Not Found: /product/main/assets/css/fonts.googleapis.com.css
2017-07-21 13:45:56,728 [Thread-257:8312] [django.request:143] [WARNING]- Not Found: /product/main/assets/js/ace-extra.min.js
2017-07-21 13:45:56,802 [Thread-258:11188] [django.request:143] [WARNING]- Not Found: /product/main/assets/css/ace.min.css
2017-07-21 13:45:56,872 [Thread-259:2180] [django.request:143] [WARNING]- Not Found: /product/main/assets/css/ace-skins.min.css
2017-07-21 13:45:56,917 [Thread-260:16008] [django.request:143] [WARNING]- Not Found: /product/main/assets/css/ace-rtl.min.css
2017-07-21 13:46:55,767 [Thread-273:14216] [django.request:143] [WARNING]- Not Found: /product/main/assets/css/bootstrap.min.css
2017-07-21 13:46:55,820 [Thread-274:656] [django.request:143] [WARNING]- Not Found: /product/main/assets/font-awesome/4.5.0/css/font-awesome.min.css
2017-07-21 13:46:55,861 [Thread-275:5628] [django.request:143] [WARNING]- Not Found: /product/main/assets/css/jquery-ui.min.css
2017-07-21 13:46:55,872 [Thread-276:16244] [django.request:143] [WARNING]- Not Found: /product/main/assets/css/bootstrap-datepicker3.min.css
2017-07-21 13:46:55,927 [Thread-277:5996] [django.request:143] [WARNING]- Not Found: /product/main/assets/css/ui.jqgrid.min.css
2017-07-21 13:46:55,963 [Thread-278:6048] [django.request:143] [WARNING]- Not Found: /product/main/assets/css/fonts.googleapis.com.css
2017-07-21 13:46:56,011 [Thread-279:10064] [django.request:143] [WARNING]- Not Found: /product/main/assets/js/ace-extra.min.js
2017-07-21 13:46:56,016 [Thread-280:6624] [django.request:143] [WARNING]- Not Found: /product/main/assets/css/ace.min.css
2017-07-21 13:46:56,121 [Thread-281:7100] [django.request:143] [WARNING]- Not Found: /product/main/assets/css/ace-skins.min.css
2017-07-21 13:46:56,165 [Thread-282:14356] [django.request:143] [WARNING]- Not Found: /product/main/assets/css/ace-rtl.min.css
2017-07-21 13:47:18,615 [Thread-289:5848] [django.request:143] [WARNING]- Not Found: /product/main/assets/css/jquery-ui.min.css
2017-07-21 13:47:18,620 [Thread-287:13612] [django.request:143] [WARNING]- Not Found: /product/main/assets/css/bootstrap.min.css
2017-07-21 13:47:18,622 [Thread-292:10864] [django.request:143] [WARNING]- Not Found: /product/main/assets/css/fonts.googleapis.com.css
2017-07-21 13:47:18,624 [Thread-291:6840] [django.request:143] [WARNING]- Not Found: /product/main/assets/css/ui.jqgrid.min.css
2017-07-21 13:47:18,628 [Thread-288:3280] [django.request:143] [WARNING]- Not Found: /product/main/assets/font-awesome/4.5.0/css/font-awesome.min.css
2017-07-21 13:47:18,630 [Thread-290:17176] [django.request:143] [WARNING]- Not Found: /product/main/assets/css/bootstrap-datepicker3.min.css
2017-07-21 13:47:18,669 [Thread-293:11432] [django.request:143] [WARNING]- Not Found: /product/main/assets/js/ace-extra.min.js
2017-07-21 13:47:18,769 [Thread-294:8880] [django.request:143] [WARNING]- Not Found: /product/main/assets/css/ace.min.css
2017-07-21 13:47:18,790 [Thread-296:6060] [django.request:143] [WARNING]- Not Found: /product/main/assets/css/ace-rtl.min.css
2017-07-21 13:47:18,799 [Thread-295:8044] [django.request:143] [WARNING]- Not Found: /product/main/assets/css/ace-skins.min.css
2017-07-21 13:50:42,244 [Thread-32:5952] [django.request:143] [WARNING]- Not Found: /product/main/assets/css/jquery-ui.min.css
2017-07-21 13:50:42,255 [Thread-35:328] [django.request:143] [WARNING]- Not Found: /product/main/assets/css/fonts.googleapis.com.css
2017-07-21 13:50:42,260 [Thread-33:7880] [django.request:143] [WARNING]- Not Found: /product/main/assets/css/bootstrap-datepicker3.min.css
2017-07-21 13:50:42,306 [Thread-36:6296] [django.request:143] [WARNING]- Not Found: /product/main/assets/js/ace-extra.min.js
2017-07-21 13:50:42,322 [Thread-31:10396] [django.request:143] [WARNING]- Not Found: /product/main/assets/font-awesome/4.5.0/css/font-awesome.min.css
2017-07-21 13:50:42,322 [Thread-30:9516] [django.request:143] [WARNING]- Not Found: /product/main/assets/css/bootstrap.min.css
2017-07-21 13:50:42,327 [Thread-34:11872] [django.request:143] [WARNING]- Not Found: /product/main/assets/css/ui.jqgrid.min.css
2017-07-21 13:50:42,460 [Thread-37:7852] [django.request:143] [WARNING]- Not Found: /product/main/assets/css/ace.min.css
2017-07-21 13:50:42,517 [Thread-39:4656] [django.request:143] [WARNING]- Not Found: /product/main/assets/css/ace-rtl.min.css
2017-07-21 13:50:42,527 [Thread-38:6364] [django.request:143] [WARNING]- Not Found: /product/main/assets/css/ace-skins.min.css
2017-07-21 13:51:42,447 [Thread-47:4704] [django.request:143] [WARNING]- Not Found: /product/main/assets/css/bootstrap.min.css
2017-07-21 13:51:42,453 [Thread-48:15092] [django.request:143] [WARNING]- Not Found: /product/main/assets/font-awesome/4.5.0/css/font-awesome.min.css
2017-07-21 13:51:42,461 [Thread-50:11132] [django.request:143] [WARNING]- Not Found: /product/main/assets/css/bootstrap-datepicker3.min.css
2017-07-21 13:51:42,464 [Thread-49:5288] [django.request:143] [WARNING]- Not Found: /product/main/assets/css/jquery-ui.min.css
2017-07-21 13:51:42,483 [Thread-52:14136] [django.request:143] [WARNING]- Not Found: /product/main/assets/css/fonts.googleapis.com.css
2017-07-21 13:51:42,492 [Thread-53:216] [django.request:143] [WARNING]- Not Found: /product/main/assets/js/ace-extra.min.js
2017-07-21 13:51:42,496 [Thread-51:8968] [django.request:143] [WARNING]- Not Found: /product/main/assets/css/ui.jqgrid.min.css
2017-07-21 13:51:42,628 [Thread-54:11524] [django.request:143] [WARNING]- Not Found: /product/main/assets/css/ace.min.css
2017-07-21 13:51:42,632 [Thread-55:8484] [django.request:143] [WARNING]- Not Found: /product/main/assets/css/ace-skins.min.css
2017-07-21 13:51:42,664 [Thread-56:2812] [django.request:143] [WARNING]- Not Found: /product/main/assets/css/ace-rtl.min.css
2017-07-21 13:51:46,801 [Thread-62:7700] [django.request:143] [WARNING]- Not Found: /product/main/assets/css/bootstrap-datepicker3.min.css
2017-07-21 13:51:46,806 [Thread-63:5660] [django.request:143] [WARNING]- Not Found: /product/main/assets/css/ui.jqgrid.min.css
2017-07-21 13:51:46,816 [Thread-61:16432] [django.request:143] [WARNING]- Not Found: /product/main/assets/css/jquery-ui.min.css
2017-07-21 13:51:46,819 [Thread-64:952] [django.request:143] [WARNING]- Not Found: /product/main/assets/css/fonts.googleapis.com.css
2017-07-21 13:51:46,823 [Thread-60:5600] [django.request:143] [WARNING]- Not Found: /product/main/assets/font-awesome/4.5.0/css/font-awesome.min.css
2017-07-21 13:51:46,852 [Thread-65:15248] [django.request:143] [WARNING]- Not Found: /product/main/assets/js/ace-extra.min.js
2017-07-21 13:51:46,855 [Thread-59:16228] [django.request:143] [WARNING]- Not Found: /product/main/assets/css/bootstrap.min.css
2017-07-21 13:51:47,016 [Thread-66:13924] [django.request:143] [WARNING]- Not Found: /product/main/assets/css/ace.min.css
2017-07-21 13:51:47,053 [Thread-67:6168] [django.request:143] [WARNING]- Not Found: /product/main/assets/css/ace-skins.min.css
2017-07-21 13:51:47,119 [Thread-68:1436] [django.request:143] [WARNING]- Not Found: /product/main/assets/css/ace-rtl.min.css
2017-07-21 13:52:23,120 [Thread-17:11936] [django.request:143] [WARNING]- Not Found: /product/main/assets/css/jquery-ui.min.css
2017-07-21 13:52:23,132 [Thread-16:16172] [django.request:143] [WARNING]- Not Found: /product/main/assets/font-awesome/4.5.0/css/font-awesome.min.css
2017-07-21 13:52:23,128 [Thread-15:16592] [django.request:143] [WARNING]- Not Found: /product/main/assets/css/bootstrap.min.css
2017-07-21 13:52:23,162 [Thread-18:5796] [django.request:143] [WARNING]- Not Found: /product/main/assets/css/bootstrap-datepicker3.min.css
2017-07-21 13:52:23,166 [Thread-19:7060] [django.request:143] [WARNING]- Not Found: /product/main/assets/css/ui.jqgrid.min.css
2017-07-21 13:52:23,211 [Thread-20:596] [django.request:143] [WARNING]- Not Found: /product/main/assets/css/fonts.googleapis.com.css
2017-07-21 13:52:23,215 [Thread-21:10664] [django.request:143] [WARNING]- Not Found: /product/main/assets/js/ace-extra.min.js
2017-07-21 13:52:23,339 [Thread-22:10204] [django.request:143] [WARNING]- Not Found: /product/main/assets/css/ace.min.css
2017-07-21 13:52:23,370 [Thread-23:960] [django.request:143] [WARNING]- Not Found: /product/main/assets/css/ace-skins.min.css
2017-07-21 13:52:23,416 [Thread-24:13584] [django.request:143] [WARNING]- Not Found: /product/main/assets/css/ace-rtl.min.css
2017-07-21 13:52:29,334 [Thread-29:14912] [django.request:143] [WARNING]- Not Found: /product/main/assets/font-awesome/4.5.0/css/font-awesome.min.css
2017-07-21 13:52:29,338 [Thread-28:17120] [django.request:143] [WARNING]- Not Found: /product/main/assets/css/bootstrap.min.css
2017-07-21 13:52:29,342 [Thread-30:13936] [django.request:143] [WARNING]- Not Found: /product/main/assets/css/jquery-ui.min.css
2017-07-21 13:52:29,366 [Thread-31:8224] [django.request:143] [WARNING]- Not Found: /product/main/assets/css/bootstrap-datepicker3.min.css
2017-07-21 13:52:29,451 [Thread-32:16804] [django.request:143] [WARNING]- Not Found: /product/main/assets/css/ui.jqgrid.min.css
2017-07-21 13:52:29,474 [Thread-33:13996] [django.request:143] [WARNING]- Not Found: /product/main/assets/css/fonts.googleapis.com.css
2017-07-21 13:52:29,522 [Thread-34:13444] [django.request:143] [WARNING]- Not Found: /product/main/assets/js/ace-extra.min.js
2017-07-21 13:52:29,614 [Thread-35:2972] [django.request:143] [WARNING]- Not Found: /product/main/assets/css/ace.min.css
2017-07-21 13:52:29,630 [Thread-36:6736] [django.request:143] [WARNING]- Not Found: /product/main/assets/css/ace-skins.min.css
2017-07-21 13:52:29,713 [Thread-37:10172] [django.request:143] [WARNING]- Not Found: /product/main/assets/css/ace-rtl.min.css
2017-07-21 13:53:32,350 [Thread-6:16396] [django.request:143] [WARNING]- Not Found: /assets/images/dev/arrow_d.png
2017-07-21 13:53:55,530 [Thread-21:8372] [django.request:143] [WARNING]- Not Found: /product/main/assets/css/bootstrap.min.css
2017-07-21 13:53:55,551 [Thread-23:8036] [django.request:143] [WARNING]- Not Found: /product/main/assets/css/jquery-ui.min.css
2017-07-21 13:53:55,586 [Thread-24:6200] [django.request:143] [WARNING]- Not Found: /product/main/assets/css/bootstrap-datepicker3.min.css
2017-07-21 13:53:55,609 [Thread-22:16196] [django.request:143] [WARNING]- Not Found: /product/main/assets/font-awesome/4.5.0/css/font-awesome.min.css
2017-07-21 13:53:55,630 [Thread-25:12836] [django.request:143] [WARNING]- Not Found: /product/main/assets/css/ui.jqgrid.min.css
2017-07-21 13:53:55,698 [Thread-26:16672] [django.request:143] [WARNING]- Not Found: /product/main/assets/css/fonts.googleapis.com.css
2017-07-21 13:53:55,722 [Thread-27:9284] [django.request:143] [WARNING]- Not Found: /product/main/assets/js/ace-extra.min.js
2017-07-21 13:53:55,793 [Thread-28:8028] [django.request:143] [WARNING]- Not Found: /product/main/assets/css/ace.min.css
2017-07-21 13:53:55,822 [Thread-29:5484] [django.request:143] [WARNING]- Not Found: /product/main/assets/css/ace-skins.min.css
2017-07-21 13:53:55,840 [Thread-30:13016] [django.request:143] [WARNING]- Not Found: /product/main/assets/css/ace-rtl.min.css
2017-07-21 13:54:20,168 [Thread-42:3492] [django.request:143] [WARNING]- Not Found: /product/main/assets/font-awesome/4.5.0/css/font-awesome.min.css
2017-07-21 13:54:20,178 [Thread-43:15020] [django.request:143] [WARNING]- Not Found: /product/main/assets/css/jquery-ui.min.css
2017-07-21 13:54:20,212 [Thread-41:16980] [django.request:143] [WARNING]- Not Found: /product/main/assets/css/bootstrap.min.css
2017-07-21 13:54:20,222 [Thread-45:6148] [django.request:143] [WARNING]- Not Found: /product/main/assets/css/ui.jqgrid.min.css
2017-07-21 13:54:20,248 [Thread-44:10648] [django.request:143] [WARNING]- Not Found: /product/main/assets/css/bootstrap-datepicker3.min.css
2017-07-21 13:54:20,253 [Thread-46:12296] [django.request:143] [WARNING]- Not Found: /product/main/assets/css/fonts.googleapis.com.css
2017-07-21 13:54:20,294 [Thread-47:4092] [django.request:143] [WARNING]- Not Found: /product/main/assets/js/ace-extra.min.js
2017-07-21 13:54:20,463 [Thread-49:10004] [django.request:143] [WARNING]- Not Found: /product/main/assets/css/ace-skins.min.css
2017-07-21 13:54:20,469 [Thread-48:9572] [django.request:143] [WARNING]- Not Found: /product/main/assets/css/ace.min.css
2017-07-21 13:54:20,525 [Thread-50:12828] [django.request:143] [WARNING]- Not Found: /product/main/assets/css/ace-rtl.min.css
2017-07-21 13:56:01,012 [Thread-13:13908] [django.request:143] [WARNING]- Not Found: /product/main/assets/css/ui.jqgrid.min.css
2017-07-21 13:56:01,017 [Thread-12:3232] [django.request:143] [WARNING]- Not Found: /product/main/assets/css/bootstrap-datepicker3.min.css
2017-07-21 13:56:01,018 [Thread-9:16788] [django.request:143] [WARNING]- Not Found: /product/main/assets/css/bootstrap.min.css
2017-07-21 13:56:01,022 [Thread-10:916] [django.request:143] [WARNING]- Not Found: /product/main/assets/font-awesome/4.5.0/css/font-awesome.min.css
2017-07-21 13:56:01,028 [Thread-11:15440] [django.request:143] [WARNING]- Not Found: /product/main/assets/css/jquery-ui.min.css
2017-07-21 13:56:01,043 [Thread-14:11116] [django.request:143] [WARNING]- Not Found: /product/main/assets/css/fonts.googleapis.com.css
2017-07-21 13:56:01,100 [Thread-15:9056] [django.request:143] [WARNING]- Not Found: /product/main/assets/js/ace-extra.min.js
2017-07-21 13:56:01,250 [Thread-16:10916] [django.request:143] [WARNING]- Not Found: /product/main/assets/css/ace.min.css
2017-07-21 13:56:01,251 [Thread-17:12048] [django.request:143] [WARNING]- Not Found: /product/main/assets/css/ace-skins.min.css
2017-07-21 13:56:01,315 [Thread-18:2808] [django.request:143] [WARNING]- Not Found: /product/main/assets/css/ace-rtl.min.css
2017-07-21 13:56:10,730 [Thread-22:15628] [django.request:143] [WARNING]- Not Found: /product/main/assets/font-awesome/4.5.0/css/font-awesome.min.css
2017-07-21 13:56:10,735 [Thread-21:16600] [django.request:143] [WARNING]- Not Found: /product/main/assets/css/bootstrap.min.css
2017-07-21 13:56:10,778 [Thread-23:5636] [django.request:143] [WARNING]- Not Found: /product/main/assets/css/jquery-ui.min.css
2017-07-21 13:56:10,817 [Thread-24:14836] [django.request:143] [WARNING]- Not Found: /product/main/assets/css/bootstrap-datepicker3.min.css
2017-07-21 13:56:10,854 [Thread-26:5856] [django.request:143] [WARNING]- Not Found: /product/main/assets/css/fonts.googleapis.com.css
2017-07-21 13:56:10,873 [Thread-25:3532] [django.request:143] [WARNING]- Not Found: /product/main/assets/css/ui.jqgrid.min.css
2017-07-21 13:56:10,897 [Thread-27:628] [django.request:143] [WARNING]- Not Found: /product/main/assets/js/ace-extra.min.js
2017-07-21 13:56:10,959 [Thread-28:11888] [django.request:143] [WARNING]- Not Found: /product/main/assets/css/ace.min.css
2017-07-21 13:56:11,005 [Thread-29:10192] [django.request:143] [WARNING]- Not Found: /product/main/assets/css/ace-skins.min.css
2017-07-21 13:56:11,086 [Thread-30:3540] [django.request:143] [WARNING]- Not Found: /product/main/assets/css/ace-rtl.min.css
2017-07-21 13:58:19,523 [Thread-26:13552] [django.request:143] [WARNING]- Not Found: /product/main/assets/css/bootstrap.min.css
2017-07-21 13:58:19,570 [Thread-27:2620] [django.request:143] [WARNING]- Not Found: /product/main/assets/font-awesome/4.5.0/css/font-awesome.min.css
2017-07-21 13:58:19,619 [Thread-28:12772] [django.request:143] [WARNING]- Not Found: /product/main/assets/css/jquery-ui.min.css
2017-07-21 13:58:19,647 [Thread-29:8004] [django.request:143] [WARNING]- Not Found: /product/main/assets/css/bootstrap-datepicker3.min.css
2017-07-21 13:58:19,654 [Thread-30:12528] [django.request:143] [WARNING]- Not Found: /product/main/assets/css/ui.jqgrid.min.css
2017-07-21 13:58:19,678 [Thread-32:17032] [django.request:143] [WARNING]- Not Found: /product/main/assets/js/ace-extra.min.js
2017-07-21 13:58:19,693 [Thread-31:1148] [django.request:143] [WARNING]- Not Found: /product/main/assets/css/fonts.googleapis.com.css
2017-07-21 13:58:19,810 [Thread-33:11008] [django.request:143] [WARNING]- Not Found: /product/main/assets/css/ace.min.css
2017-07-21 13:58:19,818 [Thread-34:13904] [django.request:143] [WARNING]- Not Found: /product/main/assets/css/ace-skins.min.css
2017-07-21 13:58:19,867 [Thread-35:9944] [django.request:143] [WARNING]- Not Found: /product/main/assets/css/ace-rtl.min.css
2017-07-21 13:59:27,311 [Thread-47:16392] [django.request:143] [WARNING]- Not Found: /product/main/assets/css/bootstrap.min.css
2017-07-21 13:59:27,338 [Thread-48:15672] [django.request:143] [WARNING]- Not Found: /product/main/assets/font-awesome/4.5.0/css/font-awesome.min.css
2017-07-21 13:59:27,342 [Thread-50:11568] [django.request:143] [WARNING]- Not Found: /product/main/assets/css/bootstrap-datepicker3.min.css
2017-07-21 13:59:27,371 [Thread-53:748] [django.request:143] [WARNING]- Not Found: /product/main/assets/js/ace-extra.min.js
2017-07-21 13:59:27,365 [Thread-52:3852] [django.request:143] [WARNING]- Not Found: /product/main/assets/css/fonts.googleapis.com.css
2017-07-21 13:59:27,389 [Thread-51:7780] [django.request:143] [WARNING]- Not Found: /product/main/assets/css/ui.jqgrid.min.css
2017-07-21 13:59:27,393 [Thread-49:17160] [django.request:143] [WARNING]- Not Found: /product/main/assets/css/jquery-ui.min.css
2017-07-21 13:59:27,554 [Thread-54:8904] [django.request:143] [WARNING]- Not Found: /product/main/assets/css/ace.min.css
2017-07-21 13:59:27,598 [Thread-55:6156] [django.request:143] [WARNING]- Not Found: /product/main/assets/css/ace-skins.min.css
2017-07-21 13:59:27,718 [Thread-56:7572] [django.request:143] [WARNING]- Not Found: /product/main/assets/css/ace-rtl.min.css
2017-07-21 13:59:33,497 [Thread-57:6568] [django.request:143] [WARNING]- Not Found: /product/main/assets/css/bootstrap.min.css
2017-07-21 13:59:33,506 [Thread-58:8592] [django.request:143] [WARNING]- Not Found: /product/main/assets/font-awesome/4.5.0/css/font-awesome.min.css
2017-07-21 13:59:33,548 [Thread-59:3496] [django.request:143] [WARNING]- Not Found: /product/main/assets/css/jquery-ui.min.css
2017-07-21 13:59:33,580 [Thread-60:5700] [django.request:143] [WARNING]- Not Found: /product/main/assets/css/bootstrap-datepicker3.min.css
2017-07-21 13:59:33,626 [Thread-61:3076] [django.request:143] [WARNING]- Not Found: /product/main/assets/css/ui.jqgrid.min.css
2017-07-21 13:59:33,631 [Thread-62:16972] [django.request:143] [WARNING]- Not Found: /product/main/assets/css/fonts.googleapis.com.css
2017-07-21 13:59:33,657 [Thread-63:5532] [django.request:143] [WARNING]- Not Found: /product/main/assets/js/ace-extra.min.js
2017-07-21 13:59:33,734 [Thread-64:7164] [django.request:143] [WARNING]- Not Found: /product/main/assets/css/ace.min.css
2017-07-21 13:59:33,814 [Thread-65:15712] [django.request:143] [WARNING]- Not Found: /product/main/assets/css/ace-skins.min.css
2017-07-21 13:59:33,871 [Thread-66:10048] [django.request:143] [WARNING]- Not Found: /product/main/assets/css/ace-rtl.min.css
2017-07-21 13:59:35,182 [Thread-67:12596] [django.request:143] [WARNING]- Not Found: /product/main/assets/css/bootstrap.min.css
2017-07-21 13:59:35,268 [Thread-69:16576] [django.request:143] [WARNING]- Not Found: /product/main/assets/css/jquery-ui.min.css
2017-07-21 13:59:35,272 [Thread-68:10348] [django.request:143] [WARNING]- Not Found: /product/main/assets/font-awesome/4.5.0/css/font-awesome.min.css
2017-07-21 13:59:35,321 [Thread-70:15904] [django.request:143] [WARNING]- Not Found: /product/main/assets/css/bootstrap-datepicker3.min.css
2017-07-21 13:59:35,327 [Thread-71:15012] [django.request:143] [WARNING]- Not Found: /product/main/assets/css/ui.jqgrid.min.css
2017-07-21 13:59:35,343 [Thread-72:11996] [django.request:143] [WARNING]- Not Found: /product/main/assets/css/fonts.googleapis.com.css
2017-07-21 13:59:35,383 [Thread-73:3260] [django.request:143] [WARNING]- Not Found: /product/main/assets/js/ace-extra.min.js
2017-07-21 13:59:35,466 [Thread-74:14028] [django.request:143] [WARNING]- Not Found: /product/main/assets/css/ace.min.css
2017-07-21 13:59:35,474 [Thread-75:8096] [django.request:143] [WARNING]- Not Found: /product/main/assets/css/ace-skins.min.css
2017-07-21 13:59:35,516 [Thread-76:6908] [django.request:143] [WARNING]- Not Found: /product/main/assets/css/ace-rtl.min.css
2017-07-21 13:59:39,858 [Thread-83:13608] [django.request:143] [WARNING]- Not Found: /product/main/assets/css/fonts.googleapis.com.css
2017-07-21 13:59:39,863 [Thread-78:11448] [django.request:143] [WARNING]- Not Found: /product/main/assets/css/bootstrap.min.css
2017-07-21 13:59:39,872 [Thread-81:13208] [django.request:143] [WARNING]- Not Found: /product/main/assets/css/bootstrap-datepicker3.min.css
2017-07-21 13:59:39,877 [Thread-82:14920] [django.request:143] [WARNING]- Not Found: /product/main/assets/css/ui.jqgrid.min.css
2017-07-21 13:59:39,895 [Thread-84:10924] [django.request:143] [WARNING]- Not Found: /product/main/assets/js/ace-extra.min.js
2017-07-21 13:59:39,908 [Thread-80:15612] [django.request:143] [WARNING]- Not Found: /product/main/assets/css/jquery-ui.min.css
2017-07-21 13:59:39,953 [Thread-79:11760] [django.request:143] [WARNING]- Not Found: /product/main/assets/font-awesome/4.5.0/css/font-awesome.min.css
2017-07-21 13:59:40,071 [Thread-85:13612] [django.request:143] [WARNING]- Not Found: /product/main/assets/css/ace.min.css
2017-07-21 13:59:40,077 [Thread-86:5848] [django.request:143] [WARNING]- Not Found: /product/main/assets/css/ace-skins.min.css
2017-07-21 13:59:40,163 [Thread-87:10864] [django.request:143] [WARNING]- Not Found: /product/main/assets/css/ace-rtl.min.css
2017-07-21 13:59:44,025 [Thread-90:17176] [django.request:143] [WARNING]- Not Found: /product/main/assets/font-awesome/4.5.0/css/font-awesome.min.css
2017-07-21 13:59:44,054 [Thread-89:11432] [django.request:143] [WARNING]- Not Found: /product/main/assets/css/bootstrap.min.css
2017-07-21 13:59:44,090 [Thread-91:8880] [django.request:143] [WARNING]- Not Found: /product/main/assets/css/jquery-ui.min.css
2017-07-21 13:59:44,099 [Thread-93:6060] [django.request:143] [WARNING]- Not Found: /product/main/assets/css/ui.jqgrid.min.css
2017-07-21 13:59:44,102 [Thread-94:17276] [django.request:143] [WARNING]- Not Found: /product/main/assets/css/fonts.googleapis.com.css
2017-07-21 13:59:44,104 [Thread-92:8044] [django.request:143] [WARNING]- Not Found: /product/main/assets/css/bootstrap-datepicker3.min.css
2017-07-21 13:59:44,145 [Thread-95:7940] [django.request:143] [WARNING]- Not Found: /product/main/assets/js/ace-extra.min.js
2017-07-21 13:59:44,248 [Thread-96:11812] [django.request:143] [WARNING]- Not Found: /product/main/assets/css/ace.min.css
2017-07-21 13:59:44,275 [Thread-97:14508] [django.request:143] [WARNING]- Not Found: /product/main/assets/css/ace-skins.min.css
2017-07-21 13:59:44,372 [Thread-98:7764] [django.request:143] [WARNING]- Not Found: /product/main/assets/css/ace-rtl.min.css
2017-07-21 13:59:47,092 [Thread-99:16252] [django.request:143] [WARNING]- Not Found: /product/main/assets/css/bootstrap.min.css
2017-07-21 13:59:47,146 [Thread-101:9932] [django.request:143] [WARNING]- Not Found: /product/main/assets/css/jquery-ui.min.css
2017-07-21 13:59:47,152 [Thread-100:11976] [django.request:143] [WARNING]- Not Found: /product/main/assets/font-awesome/4.5.0/css/font-awesome.min.css
2017-07-21 13:59:47,207 [Thread-103:6188] [django.request:143] [WARNING]- Not Found: /product/main/assets/css/ui.jqgrid.min.css
2017-07-21 13:59:47,222 [Thread-102:13452] [django.request:143] [WARNING]- Not Found: /product/main/assets/css/bootstrap-datepicker3.min.css
2017-07-21 13:59:47,232 [Thread-104:10360] [django.request:143] [WARNING]- Not Found: /product/main/assets/css/fonts.googleapis.com.css
2017-07-21 13:59:47,296 [Thread-105:10016] [django.request:143] [WARNING]- Not Found: /product/main/assets/js/ace-extra.min.js
2017-07-21 13:59:47,355 [Thread-106:15600] [django.request:143] [WARNING]- Not Found: /product/main/assets/css/ace.min.css
2017-07-21 13:59:47,376 [Thread-107:16856] [django.request:143] [WARNING]- Not Found: /product/main/assets/css/ace-skins.min.css
2017-07-21 13:59:47,430 [Thread-108:13404] [django.request:143] [WARNING]- Not Found: /product/main/assets/css/ace-rtl.min.css
2017-07-21 14:10:18,302 [Thread-109:15980] [django.request:143] [WARNING]- Not Found: /product/main/assets/css/bootstrap.min.css
2017-07-21 14:10:18,312 [Thread-110:7672] [django.request:143] [WARNING]- Not Found: /product/main/assets/font-awesome/4.5.0/css/font-awesome.min.css
2017-07-21 14:10:18,331 [Thread-111:8276] [django.request:143] [WARNING]- Not Found: /product/main/assets/css/jquery-ui.min.css
2017-07-21 14:10:18,343 [Thread-112:760] [django.request:143] [WARNING]- Not Found: /product/main/assets/css/bootstrap-datepicker3.min.css
2017-07-21 14:10:18,376 [Thread-113:7736] [django.request:143] [WARNING]- Not Found: /product/main/assets/css/ui.jqgrid.min.css
2017-07-21 14:10:18,456 [Thread-114:13900] [django.request:143] [WARNING]- Not Found: /product/main/assets/css/fonts.googleapis.com.css
2017-07-21 14:10:18,473 [Thread-115:16516] [django.request:143] [WARNING]- Not Found: /product/main/assets/js/ace-extra.min.js
2017-07-21 14:10:18,621 [Thread-116:14988] [django.request:143] [WARNING]- Not Found: /product/main/assets/css/ace.min.css
2017-07-21 14:10:18,734 [Thread-117:7116] [django.request:143] [WARNING]- Not Found: /product/main/assets/css/ace-skins.min.css
2017-07-21 14:10:18,756 [Thread-118:7692] [django.request:143] [WARNING]- Not Found: /product/main/assets/css/ace-rtl.min.css
2017-07-21 14:32:31,049 [Thread-145:6488] [django.request:143] [WARNING]- Not Found: /product/main/{% static
2017-07-21 14:35:50,914 [Thread-147:16992] [django.request:143] [WARNING]- Not Found: /product/main/{% static
2017-07-21 14:39:21,678 [Thread-156:10992] [django.request:143] [WARNING]- Not Found: /product/main/{% static
2017-07-21 14:40:26,369 [Thread-25:1848] [django.request:143] [WARNING]- Not Found: /product/main/{% static
2017-07-21 14:41:27,867 [Thread-36:15744] [django.request:143] [WARNING]- Not Found: /product/main/{% static
2017-07-21 14:43:29,946 [Thread-43:13404] [django.request:143] [WARNING]- Not Found: /product/main/{% static
2017-07-21 14:49:28,028 [Thread-45:12428] [django.request:143] [WARNING]- Not Found: /product/main/{% static
2017-07-21 14:49:32,556 [Thread-70:5796] [django.request:143] [WARNING]- Not Found: /product/main/{% static
2017-07-21 14:50:16,535 [Thread-75:8968] [django.request:143] [WARNING]- Not Found: /product/main/{% static
2017-07-21 14:50:20,531 [Thread-79:14068] [django.request:143] [WARNING]- Not Found: /product/main/{% static
2017-07-21 14:51:48,861 [Thread-86:14352] [django.request:143] [WARNING]- Not Found: /product/main/{% static
2017-07-21 14:54:03,418 [Thread-116:16536] [django.request:143] [WARNING]- Not Found: /product/main/{% static
2017-07-21 14:54:57,151 [Thread-146:1956] [django.request:143] [WARNING]- Not Found: /product/main/{% static
2017-07-21 14:59:16,095 [Thread-162:15372] [django.request:143] [WARNING]- Not Found: /product/main/{% static
2017-07-21 14:59:16,352 [Thread-163:7256] [django.request:143] [WARNING]- Not Found: /product/main/jquery.min.map
2017-07-21 14:59:51,121 [Thread-172:13668] [django.request:143] [WARNING]- Not Found: /product/main/jquery.min.map
2017-07-21 15:00:19,233 [Thread-180:14912] [django.request:143] [WARNING]- Not Found: /favicon.ico
2017-07-21 15:03:37,526 [Thread-199:10956] [django.request:143] [WARNING]- Not Found: /product/main/jquery.min.map
2017-07-21 15:15:32,263 [Thread-271:13792] [django.request:143] [WARNING]- Not Found: /product/main/jquery.min.map
2017-07-21 15:15:59,652 [Thread-285:15504] [django.request:143] [WARNING]- Not Found: /product/main/jquery.min.map
2017-07-21 15:42:41,480 [Thread-342:14464] [django.request:143] [WARNING]- Not Found: /stream/allParamsExport
2017-07-21 15:46:58,035 [Thread-388:8984] [django.request:143] [WARNING]- Not Found: /stream/allParamsExport
2017-07-21 16:05:00,766 [Thread-418:9944] [django.request:143] [WARNING]- Not Found: /product/main/assets/css/bootstrap.min.css
2017-07-21 16:05:07,469 [Thread-420:11520] [django.request:143] [WARNING]- Not Found: /product/main/assets/css/bootstrap.min.css
2017-07-21 16:07:48,782 [Thread-8:10276] [django.request:143] [WARNING]- Not Found: /product/main/assets/css/bootstrap.min.css
2017-07-21 16:07:51,915 [Thread-10:14216] [django.request:143] [WARNING]- Not Found: /product/main/assets/css/bootstrap.min.css
2017-07-21 16:09:53,589 [Thread-19:8156] [django.request:143] [WARNING]- Not Found: /product/main/jquery.min.map
2017-07-21 16:10:01,706 [Thread-34:16592] [django.request:143] [WARNING]- Not Found: /product/main/jquery.min.map
2017-07-21 16:10:05,439 [Thread-50:17120] [django.request:143] [WARNING]- Not Found: /product/main/jquery.min.map
2017-07-21 16:10:57,453 [Thread-59:8004] [django.request:143] [WARNING]- Not Found: /product/main/jquery.min.map
2017-07-21 16:17:48,061 [Thread-65:8576] [django.request:143] [WARNING]- Not Found: /product/main/assets/css/bootstrap.min.css
2017-07-21 16:17:48,085 [Thread-66:15548] [django.request:143] [WARNING]- Not Found: /product/main/assets/font-awesome/4.5.0/css/font-awesome.min.css
2017-07-21 16:17:48,175 [Thread-67:10016] [django.request:143] [WARNING]- Not Found: /product/main/assets/css/jquery-ui.min.css
2017-07-21 16:17:48,186 [Thread-68:15808] [django.request:143] [WARNING]- Not Found: /product/main/assets/css/bootstrap-datepicker3.min.css
2017-07-21 16:17:48,303 [Thread-69:7148] [django.request:143] [WARNING]- Not Found: /product/main/assets/css/ui.jqgrid.min.css
2017-07-21 16:17:48,407 [Thread-70:372] [django.request:143] [WARNING]- Not Found: /product/main/assets/css/fonts.googleapis.com.css
2017-07-21 16:17:48,423 [Thread-71:13056] [django.request:143] [WARNING]- Not Found: /product/main/assets/css/ace.min.css
2017-07-21 16:17:48,478 [Thread-72:5884] [django.request:143] [WARNING]- Not Found: /product/main/assets/css/ace-skins.min.css
2017-07-21 16:17:48,489 [Thread-73:12660] [django.request:143] [WARNING]- Not Found: /product/main/assets/css/ace-rtl.min.css
2017-07-21 16:17:49,501 [Thread-81:11912] [django.request:143] [WARNING]- Not Found: /product/main/assets/js/html5shiv.min.js
2017-07-21 16:18:04,957 [Thread-83:10872] [django.request:143] [WARNING]- Not Found: /product/main/assets/css/bootstrap.min.css
2017-07-21 16:18:05,023 [Thread-84:4856] [django.request:143] [WARNING]- Not Found: /product/main/assets/font-awesome/4.5.0/css/font-awesome.min.css
2017-07-21 16:18:05,095 [Thread-85:6136] [django.request:143] [WARNING]- Not Found: /product/main/assets/css/jquery-ui.min.css
2017-07-21 16:18:05,112 [Thread-86:7832] [django.request:143] [WARNING]- Not Found: /product/main/assets/css/bootstrap-datepicker3.min.css
2017-07-21 16:18:05,138 [Thread-87:11988] [django.request:143] [WARNING]- Not Found: /product/main/assets/css/ui.jqgrid.min.css
2017-07-21 16:18:05,183 [Thread-88:11440] [django.request:143] [WARNING]- Not Found: /product/main/assets/css/fonts.googleapis.com.css
2017-07-21 16:18:05,204 [Thread-89:12912] [django.request:143] [WARNING]- Not Found: /product/main/assets/css/ace.min.css
2017-07-21 16:18:05,238 [Thread-90:13920] [django.request:143] [WARNING]- Not Found: /product/main/assets/css/ace-skins.min.css
2017-07-21 16:18:05,286 [Thread-91:7616] [django.request:143] [WARNING]- Not Found: /product/main/assets/css/ace-rtl.min.css
2017-07-21 16:18:06,418 [Thread-99:5848] [django.request:143] [WARNING]- Not Found: /product/main/jquery.min.map
2017-07-21 16:18:12,301 [Thread-107:13028] [django.request:143] [WARNING]- Not Found: /product/main/assets/css/bootstrap.min.css
2017-07-21 16:18:12,355 [Thread-108:17300] [django.request:143] [WARNING]- Not Found: /product/main/assets/font-awesome/4.5.0/css/font-awesome.min.css
2017-07-21 16:18:12,420 [Thread-109:9704] [django.request:143] [WARNING]- Not Found: /product/main/assets/css/jquery-ui.min.css
2017-07-21 16:18:12,501 [Thread-110:11208] [django.request:143] [WARNING]- Not Found: /product/main/assets/css/bootstrap-datepicker3.min.css
2017-07-21 16:18:12,552 [Thread-111:12580] [django.request:143] [WARNING]- Not Found: /product/main/assets/css/ui.jqgrid.min.css
2017-07-21 16:18:12,581 [Thread-112:6504] [django.request:143] [WARNING]- Not Found: /product/main/assets/css/fonts.googleapis.com.css
2017-07-21 16:18:12,692 [Thread-113:5536] [django.request:143] [WARNING]- Not Found: /product/main/assets/css/ace.min.css
2017-07-21 16:18:12,764 [Thread-114:8056] [django.request:143] [WARNING]- Not Found: /product/main/assets/css/ace-skins.min.css
2017-07-21 16:18:12,821 [Thread-115:15368] [django.request:143] [WARNING]- Not Found: /product/main/assets/css/ace-rtl.min.css
2017-07-21 16:18:14,044 [Thread-122:11664] [django.request:143] [WARNING]- Not Found: /product/main/jquery.min.map
2017-07-21 16:19:13,170 [Thread-129:13616] [django.request:143] [WARNING]- Not Found: /product/main/assets/css/bootstrap.min.css
2017-07-21 16:19:13,199 [Thread-130:2060] [django.request:143] [WARNING]- Not Found: /product/main/assets/font-awesome/4.5.0/css/font-awesome.min.css
2017-07-21 16:19:13,266 [Thread-131:804] [django.request:143] [WARNING]- Not Found: /product/main/assets/css/jquery-ui.min.css
2017-07-21 16:19:13,301 [Thread-132:7196] [django.request:143] [WARNING]- Not Found: /product/main/assets/css/bootstrap-datepicker3.min.css
2017-07-21 16:19:13,360 [Thread-134:13812] [django.request:143] [WARNING]- Not Found: /product/main/assets/css/fonts.googleapis.com.css
2017-07-21 16:19:13,361 [Thread-133:2840] [django.request:143] [WARNING]- Not Found: /product/main/assets/css/ui.jqgrid.min.css
2017-07-21 16:19:13,481 [Thread-136:8536] [django.request:143] [WARNING]- Not Found: /product/main/assets/css/ace-skins.min.css
2017-07-21 16:19:13,536 [Thread-135:16620] [django.request:143] [WARNING]- Not Found: /product/main/assets/css/ace.min.css
2017-07-21 16:19:13,585 [Thread-137:2520] [django.request:143] [WARNING]- Not Found: /product/main/assets/css/ace-rtl.min.css
2017-07-21 16:19:14,474 [Thread-140:11196] [django.request:143] [WARNING]- Not Found: /product/main/assets/js/html5shiv.min.js
2017-07-21 16:23:13,921 [Thread-148:13656] [django.request:143] [WARNING]- Not Found: /product/main/assets/font-awesome/4.5.0/css/font-awesome.min.css
2017-07-21 16:23:15,229 [Thread-171:8236] [django.request:143] [WARNING]- Not Found: /product/main/jquery.min.map
2017-07-21 16:24:52,319 [Thread-179:9616] [django.request:143] [WARNING]- Not Found: /product/main/assets/font-awesome/4.5.0/css/font-awesome.min.css
2017-07-21 16:24:53,980 [Thread-186:14624] [django.request:143] [WARNING]- Not Found: /product/main/assets/js/html5shiv.min.js
2017-07-21 16:24:54,169 [Thread-187:10136] [django.request:143] [WARNING]- Not Found: /product/main/jquery.min.map
2017-07-21 16:25:08,319 [Thread-190:940] [django.request:143] [WARNING]- Not Found: /product/main/assets/font-awesome/4.5.0/css/font-awesome.min.css
2017-07-21 16:25:09,856 [Thread-198:412] [django.request:143] [WARNING]- Not Found: /product/main/jquery.min.map
2017-07-21 16:25:57,825 [Thread-206:8924] [django.request:143] [WARNING]- Not Found: /product/main/assets/font-awesome/4.5.0/css/font-awesome.min.css
2017-07-21 16:25:59,270 [Thread-216:14204] [django.request:143] [WARNING]- Not Found: /product/main/jquery.min.map
2017-07-21 16:26:04,445 [Thread-227:1940] [django.request:143] [WARNING]- Not Found: /product/main/assets/font-awesome/4.5.0/css/font-awesome.min.css
2017-07-21 16:26:07,530 [Thread-235:8776] [django.request:143] [WARNING]- Not Found: /product/main/jquery.min.map
2017-07-21 16:30:23,594 [Thread-250:4860] [django.request:143] [WARNING]- Not Found: /product/main/assets/font-awesome/4.5.0/css/font-awesome.min.css
2017-07-21 16:30:26,242 [Thread-258:13428] [django.request:143] [WARNING]- Not Found: /product/main/jquery.min.map
2017-07-21 16:30:30,156 [Thread-268:8604] [django.request:143] [WARNING]- Not Found: /product/main/assets/font-awesome/4.5.0/css/font-awesome.min.css
2017-07-21 16:30:33,131 [Thread-275:5956] [django.request:143] [WARNING]- Not Found: /product/main/jquery.min.map
2017-07-21 16:30:35,273 [Thread-285:1952] [django.request:143] [WARNING]- Not Found: /product/main/assets/font-awesome/4.5.0/css/font-awesome.min.css
2017-07-21 16:30:36,899 [Thread-292:15536] [django.request:143] [WARNING]- Not Found: /product/main/jquery.min.map
2017-07-21 16:31:50,889 [Thread-302:15356] [django.request:143] [WARNING]- Not Found: /product/main/assets/font-awesome/4.5.0/css/font-awesome.min.css
2017-07-21 16:31:53,824 [Thread-311:10192] [django.request:143] [WARNING]- Not Found: /product/main/jquery.min.map
2017-07-21 16:41:20,551 [Thread-320:13948] [django.request:143] [WARNING]- Not Found: /product/main/assets/font-awesome/4.5.0/css/font-awesome.min.css
2017-07-21 16:41:22,299 [Thread-330:8972] [django.request:143] [WARNING]- Not Found: /product/main/jquery.min.map
2017-07-21 16:41:55,465 [Thread-344:13800] [django.request:143] [WARNING]- Not Found: /product/main/assets/font-awesome/4.5.0/css/font-awesome.min.css
2017-07-21 16:42:30,666 [Thread-362:9764] [django.request:143] [WARNING]- Not Found: /product/main/jquery.min.map
2017-07-21 16:44:11,078 [Thread-372:16784] [django.request:143] [WARNING]- Not Found: /product/main/assets/font-awesome/4.5.0/css/font-awesome.min.css
2017-07-21 16:44:16,795 [Thread-380:16176] [django.request:143] [WARNING]- Not Found: /product/main/jquery.min.map
2017-07-21 16:44:22,678 [Thread-390:5004] [django.request:143] [WARNING]- Not Found: /product/main/assets/font-awesome/4.5.0/css/font-awesome.min.css
2017-07-21 16:44:25,590 [Thread-397:11560] [django.request:143] [WARNING]- Not Found: /product/main/jquery.min.map
2017-07-21 16:47:12,153 [Thread-406:9392] [django.request:143] [WARNING]- Not Found: /product/main/assets/font-awesome/4.5.0/css/font-awesome.min.css
2017-07-21 16:47:13,499 [Thread-417:3252] [django.request:143] [WARNING]- Not Found: /product/main/jquery.min.map
2017-07-21 16:47:16,653 [Thread-426:7192] [django.request:143] [WARNING]- Not Found: /product/main/assets/font-awesome/4.5.0/css/font-awesome.min.css
2017-07-21 16:47:19,716 [Thread-434:7760] [django.request:143] [WARNING]- Not Found: /product/main/jquery.min.map
2017-07-21 16:48:09,183 [Thread-445:11280] [django.request:143] [WARNING]- Not Found: /product/main/jquery.min.map
2017-07-21 16:48:38,109 [Thread-452:12608] [django.request:143] [WARNING]- Not Found: /product/main/assets/font-awesome/4.5.0/css/font-awesome.min.css
2017-07-21 16:48:48,919 [Thread-460:568] [django.request:143] [WARNING]- Not Found: /product/main/jquery.min.map
2017-07-21 16:49:31,676 [Thread-469:14744] [django.request:143] [WARNING]- Not Found: /product/main/assets/font-awesome/4.5.0/css/font-awesome.min.css
2017-07-21 16:50:01,795 [Thread-476:15624] [django.request:143] [WARNING]- Not Found: /product/main/assets/font-awesome/4.5.0/css/font-awesome.min.css
2017-07-21 16:50:09,709 [Thread-484:11096] [django.request:143] [WARNING]- Not Found: /product/main/jquery.min.map
2017-07-21 16:50:14,496 [Thread-494:13672] [django.request:143] [WARNING]- Not Found: /product/main/assets/font-awesome/4.5.0/css/font-awesome.min.css
2017-07-21 16:50:21,610 [Thread-502:6584] [django.request:143] [WARNING]- Not Found: /product/main/jquery.min.map
2017-07-21 16:50:23,902 [Thread-512:6156] [django.request:143] [WARNING]- Not Found: /product/main/assets/font-awesome/4.5.0/css/font-awesome.min.css
2017-07-21 16:50:27,201 [Thread-521:12632] [django.request:143] [WARNING]- Not Found: /product/main/jquery.min.map
2017-07-21 16:56:10,780 [Thread-530:15020] [django.request:143] [WARNING]- Not Found: /product/main/assets/font-awesome/4.5.0/css/font-awesome.min.css
2017-07-21 16:56:49,608 [Thread-537:4168] [django.request:143] [WARNING]- Not Found: /product/main/assets/font-awesome/4.5.0/css/font-awesome.min.css
2017-07-21 16:56:53,072 [Thread-543:104] [django.request:143] [WARNING]- Not Found: /product/main/jquery.min.map
2017-07-21 16:59:10,967 [Thread-552:11032] [django.request:143] [WARNING]- Not Found: /product/main/assets/font-awesome/4.5.0/css/font-awesome.min.css
2017-07-21 16:59:13,252 [Thread-566:15328] [django.request:143] [WARNING]- Not Found: /product/main/jquery.min.map
2017-07-21 16:59:18,535 [Thread-571:17096] [django.request:143] [WARNING]- Not Found: /product/main/assets/font-awesome/4.5.0/css/font-awesome.min.css
2017-07-21 17:00:12,796 [Thread-579:2188] [django.request:143] [WARNING]- Not Found: /product/main/assets/font-awesome/4.5.0/css/font-awesome.min.css
2017-07-21 17:00:18,919 [Thread-587:10864] [django.request:143] [WARNING]- Not Found: /product/main/assets/font-awesome/4.5.0/css/font-awesome.min.css
2017-07-21 17:00:30,057 [Thread-592:3280] [django.request:143] [WARNING]- Not Found: /product/main/assets/font-awesome/4.5.0/css/font-awesome.min.css
2017-07-21 17:08:56,748 [Thread-601:10448] [django.request:143] [WARNING]- Not Found: /product/main/jquery.min.map
2017-07-21 17:11:11,580 [Thread-609:6616] [django.request:143] [WARNING]- Not Found: /product/main/assets/font-awesome/4.5.0/css/font-awesome.min.css
2017-07-21 17:11:12,992 [Thread-630:2524] [django.request:143] [WARNING]- Not Found: /product/main/jquery.min.map
2017-07-21 17:11:36,104 [Thread-633:11636] [django.request:143] [WARNING]- Not Found: /product/main/assets/font-awesome/4.5.0/css/font-awesome.min.css
2017-07-21 17:11:37,746 [Thread-643:2704] [django.request:143] [WARNING]- Not Found: /product/main/jquery.min.map
2017-07-21 17:12:57,902 [Thread-648:12456] [django.request:143] [WARNING]- Not Found: /product/main/jquery.min.map
